{"/Users/nicktoye/Dev/frontend-refresh-tool/src/App.tsx": {"path":"/Users/nicktoye/Dev/frontend-refresh-tool/src/App.tsx","statementMap":{"0":{"start":{"line":19,"column":18},"end":{"line":19,"column":61}},"1":{"start":{"line":20,"column":26},"end":{"line":20,"column":78}},"2":{"start":{"line":21,"column":24},"end":{"line":21,"column":73}},"3":{"start":{"line":22,"column":28},"end":{"line":22,"column":67}},"4":{"start":{"line":23,"column":26},"end":{"line":23,"column":63}},"5":{"start":{"line":24,"column":28},"end":{"line":24,"column":67}},"6":{"start":{"line":25,"column":21},"end":{"line":25,"column":50}},"7":{"start":{"line":26,"column":32},"end":{"line":26,"column":71}},"8":{"start":{"line":28,"column":19},"end":{"line":28,"column":null}},"9":{"start":{"line":29,"column":19},"end":{"line":29,"column":46}},"10":{"start":{"line":43,"column":4},"end":{"line":44,"column":27}},"11":{"start":{"line":46,"column":40},"end":{"line":46,"column":66}},"12":{"start":{"line":48,"column":8},"end":{"line":55,"column":4}},"13":{"start":{"line":57,"column":8},"end":{"line":59,"column":null}},"14":{"start":{"line":62,"column":2},"end":{"line":73,"column":null}},"15":{"start":{"line":63,"column":10},"end":{"line":67,"column":null}},"16":{"start":{"line":64,"column":6},"end":{"line":67,"column":null}},"17":{"start":{"line":65,"column":8},"end":{"line":65,"column":null}},"18":{"start":{"line":66,"column":8},"end":{"line":66,"column":null}},"19":{"start":{"line":67,"column":8},"end":{"line":67,"column":null}},"20":{"start":{"line":71,"column":4},"end":{"line":71,"column":null}},"21":{"start":{"line":72,"column":4},"end":{"line":72,"column":null}},"22":{"start":{"line":72,"column":17},"end":{"line":72,"column":63}},"23":{"start":{"line":75,"column":2},"end":{"line":81,"column":null}},"24":{"start":{"line":76,"column":4},"end":{"line":79,"column":null}},"25":{"start":{"line":77,"column":6},"end":{"line":77,"column":null}},"26":{"start":{"line":79,"column":6},"end":{"line":79,"column":null}},"27":{"start":{"line":83,"column":8},"end":{"line":86,"column":null}},"28":{"start":{"line":84,"column":4},"end":{"line":84,"column":null}},"29":{"start":{"line":85,"column":4},"end":{"line":85,"column":null}},"30":{"start":{"line":86,"column":4},"end":{"line":86,"column":null}},"31":{"start":{"line":89,"column":24},"end":{"line":91,"column":null}},"32":{"start":{"line":90,"column":22},"end":{"line":90,"column":null}},"33":{"start":{"line":93,"column":23},"end":{"line":95,"column":null}},"34":{"start":{"line":94,"column":4},"end":{"line":94,"column":null}},"35":{"start":{"line":97,"column":29},"end":{"line":101,"column":null}},"36":{"start":{"line":99,"column":6},"end":{"line":99,"column":null}},"37":{"start":{"line":104,"column":4},"end":{"line":104,"column":null}},"38":{"start":{"line":105,"column":4},"end":{"line":109,"column":null}},"39":{"start":{"line":113,"column":4},"end":{"line":113,"column":null}},"40":{"start":{"line":114,"column":4},"end":{"line":114,"column":null}},"41":{"start":{"line":116,"column":4},"end":{"line":120,"column":null}},"42":{"start":{"line":123,"column":2},"end":{"line":226,"column":null}},"43":{"start":{"line":149,"column":12},"end":{"line":149,"column":null}},"44":{"start":{"line":150,"column":12},"end":{"line":150,"column":null}},"45":{"start":{"line":150,"column":47},"end":{"line":150,"column":56}},"46":{"start":{"line":153,"column":12},"end":{"line":153,"column":null}},"47":{"start":{"line":154,"column":12},"end":{"line":154,"column":null}},"48":{"start":{"line":154,"column":47},"end":{"line":154,"column":56}},"49":{"start":{"line":160,"column":37},"end":{"line":160,"column":63}},"50":{"start":{"line":165,"column":32},"end":{"line":165,"column":null}},"51":{"start":{"line":166,"column":36},"end":{"line":169,"column":null}},"52":{"start":{"line":168,"column":16},"end":{"line":168,"column":null}},"53":{"start":{"line":171,"column":12},"end":{"line":185,"column":null}},"54":{"start":{"line":182,"column":18},"end":{"line":182,"column":null}},"55":{"start":{"line":183,"column":18},"end":{"line":183,"column":null}},"56":{"start":{"line":218,"column":10},"end":{"line":224,"column":null}},"57":{"start":{"line":223,"column":29},"end":{"line":223,"column":null}}},"fnMap":{"0":{"name":"App","decl":{"start":{"line":18,"column":24},"end":{"line":18,"column":30}},"loc":{"start":{"line":18,"column":30},"end":{"line":226,"column":null}},"line":18},"1":{"name":"(anonymous_1)","decl":{"start":{"line":62,"column":2},"end":{"line":62,"column":18}},"loc":{"start":{"line":62,"column":18},"end":{"line":73,"column":7}},"line":62},"2":{"name":"(anonymous_2)","decl":{"start":{"line":63,"column":10},"end":{"line":63,"column":21}},"loc":{"start":{"line":63,"column":42},"end":{"line":67,"column":null}},"line":63},"3":{"name":"(anonymous_3)","decl":{"start":{"line":72,"column":4},"end":{"line":72,"column":17}},"loc":{"start":{"line":72,"column":17},"end":{"line":72,"column":63}},"line":72},"4":{"name":"(anonymous_4)","decl":{"start":{"line":75,"column":2},"end":{"line":75,"column":18}},"loc":{"start":{"line":75,"column":18},"end":{"line":81,"column":6}},"line":75},"5":{"name":"(anonymous_5)","decl":{"start":{"line":83,"column":8},"end":{"line":83,"column":33}},"loc":{"start":{"line":83,"column":33},"end":{"line":86,"column":null}},"line":83},"6":{"name":"(anonymous_6)","decl":{"start":{"line":89,"column":54},"end":{"line":89,"column":null}},"loc":{"start":{"line":90,"column":22},"end":{"line":90,"column":null}},"line":90},"7":{"name":"(anonymous_7)","decl":{"start":{"line":93,"column":53},"end":{"line":93,"column":61}},"loc":{"start":{"line":93,"column":78},"end":{"line":95,"column":5}},"line":93},"8":{"name":"(anonymous_8)","decl":{"start":{"line":97,"column":64},"end":{"line":97,"column":null}},"loc":{"start":{"line":98,"column":22},"end":{"line":101,"column":4}},"line":98},"9":{"name":"handleResetStudy","decl":{"start":{"line":103,"column":11},"end":{"line":103,"column":30}},"loc":{"start":{"line":103,"column":30},"end":{"line":109,"column":null}},"line":103},"10":{"name":"handleResetAll","decl":{"start":{"line":112,"column":11},"end":{"line":112,"column":28}},"loc":{"start":{"line":112,"column":28},"end":{"line":120,"column":null}},"line":112},"11":{"name":"(anonymous_11)","decl":{"start":{"line":148,"column":10},"end":{"line":148,"column":42}},"loc":{"start":{"line":148,"column":42},"end":{"line":150,"column":null}},"line":148},"12":{"name":"(anonymous_12)","decl":{"start":{"line":150,"column":12},"end":{"line":150,"column":38}},"loc":{"start":{"line":150,"column":47},"end":{"line":150,"column":56}},"line":150},"13":{"name":"(anonymous_13)","decl":{"start":{"line":152,"column":10},"end":{"line":152,"column":36}},"loc":{"start":{"line":152,"column":36},"end":{"line":154,"column":null}},"line":152},"14":{"name":"(anonymous_14)","decl":{"start":{"line":154,"column":12},"end":{"line":154,"column":38}},"loc":{"start":{"line":154,"column":47},"end":{"line":154,"column":56}},"line":154},"15":{"name":"(anonymous_15)","decl":{"start":{"line":160,"column":10},"end":{"line":160,"column":37}},"loc":{"start":{"line":160,"column":37},"end":{"line":160,"column":63}},"line":160},"16":{"name":"(anonymous_16)","decl":{"start":{"line":164,"column":28},"end":{"line":164,"column":33}},"loc":{"start":{"line":164,"column":45},"end":{"line":185,"column":null}},"line":164},"17":{"name":"(anonymous_17)","decl":{"start":{"line":166,"column":50},"end":{"line":166,"column":null}},"loc":{"start":{"line":168,"column":16},"end":{"line":168,"column":null}},"line":168},"18":{"name":"(anonymous_18)","decl":{"start":{"line":181,"column":16},"end":{"line":181,"column":30}},"loc":{"start":{"line":181,"column":30},"end":{"line":183,"column":null}},"line":181},"19":{"name":"(anonymous_19)","decl":{"start":{"line":217,"column":16},"end":{"line":217,"column":21}},"loc":{"start":{"line":218,"column":10},"end":{"line":224,"column":null}},"line":218},"20":{"name":"(anonymous_20)","decl":{"start":{"line":223,"column":12},"end":{"line":223,"column":29}},"loc":{"start":{"line":223,"column":29},"end":{"line":223,"column":null}},"line":223}},"branchMap":{"0":{"loc":{"start":{"line":64,"column":6},"end":{"line":67,"column":null}},"type":"if","locations":[{"start":{"line":64,"column":6},"end":{"line":67,"column":null}},{"start":{},"end":{}}],"line":64},"1":{"loc":{"start":{"line":76,"column":4},"end":{"line":79,"column":null}},"type":"if","locations":[{"start":{"line":76,"column":4},"end":{"line":79,"column":null}},{"start":{"line":78,"column":11},"end":{"line":79,"column":null}}],"line":76},"2":{"loc":{"start":{"line":90,"column":22},"end":{"line":90,"column":null}},"type":"binary-expr","locations":[{"start":{"line":90,"column":22},"end":{"line":90,"column":52}},{"start":{"line":90,"column":56},"end":{"line":90,"column":null}}],"line":90},"3":{"loc":{"start":{"line":94,"column":11},"end":{"line":94,"column":null}},"type":"binary-expr","locations":[{"start":{"line":94,"column":11},"end":{"line":94,"column":41}},{"start":{"line":94,"column":45},"end":{"line":94,"column":null}}],"line":94},"4":{"loc":{"start":{"line":99,"column":13},"end":{"line":99,"column":null}},"type":"binary-expr","locations":[{"start":{"line":99,"column":13},"end":{"line":99,"column":43}},{"start":{"line":99,"column":47},"end":{"line":99,"column":null}}],"line":99},"5":{"loc":{"start":{"line":200,"column":7},"end":{"line":213,"column":null}},"type":"binary-expr","locations":[{"start":{"line":200,"column":7},"end":{"line":200,"column":null}},{"start":{"line":201,"column":8},"end":{"line":213,"column":null}}],"line":200}},"s":{"0":0,"1":0,"2":0,"3":0,"4":0,"5":0,"6":0,"7":0,"8":0,"9":0,"10":0,"11":0,"12":0,"13":0,"14":0,"15":0,"16":0,"17":0,"18":0,"19":0,"20":0,"21":0,"22":0,"23":0,"24":0,"25":0,"26":0,"27":0,"28":0,"29":0,"30":0,"31":0,"32":0,"33":0,"34":0,"35":0,"36":0,"37":0,"38":0,"39":0,"40":0,"41":0,"42":0,"43":0,"44":0,"45":0,"46":0,"47":0,"48":0,"49":0,"50":0,"51":0,"52":0,"53":0,"54":0,"55":0,"56":0,"57":0},"f":{"0":0,"1":0,"2":0,"3":0,"4":0,"5":0,"6":0,"7":0,"8":0,"9":0,"10":0,"11":0,"12":0,"13":0,"14":0,"15":0,"16":0,"17":0,"18":0,"19":0,"20":0},"b":{"0":[0,0],"1":[0,0],"2":[0,0],"3":[0,0],"4":[0,0],"5":[0,0]},"meta":{"lastBranch":6,"lastFunction":21,"lastStatement":58,"seen":{"f:18:24:18:30":0,"s:19:18:19:61":0,"s:20:26:20:78":1,"s:21:24:21:73":2,"s:22:28:22:67":3,"s:23:26:23:63":4,"s:24:28:24:67":5,"s:25:21:25:50":6,"s:26:32:26:71":7,"s:28:19:28:Infinity":8,"s:29:19:29:46":9,"s:43:4:44:27":10,"s:46:40:46:66":11,"s:48:8:55:4":12,"s:57:8:59:Infinity":13,"s:62:2:73:Infinity":14,"f:62:2:62:18":1,"s:63:10:67:Infinity":15,"f:63:10:63:21":2,"b:64:6:67:Infinity:undefined:undefined:undefined:undefined":0,"s:64:6:67:Infinity":16,"s:65:8:65:Infinity":17,"s:66:8:66:Infinity":18,"s:67:8:67:Infinity":19,"s:71:4:71:Infinity":20,"s:72:4:72:Infinity":21,"f:72:4:72:17":3,"s:72:17:72:63":22,"s:75:2:81:Infinity":23,"f:75:2:75:18":4,"b:76:4:79:Infinity:78:11:79:Infinity":1,"s:76:4:79:Infinity":24,"s:77:6:77:Infinity":25,"s:79:6:79:Infinity":26,"s:83:8:86:Infinity":27,"f:83:8:83:33":5,"s:84:4:84:Infinity":28,"s:85:4:85:Infinity":29,"s:86:4:86:Infinity":30,"s:89:24:91:Infinity":31,"f:89:54:89:Infinity":6,"s:90:22:90:Infinity":32,"b:90:22:90:52:90:56:90:Infinity":2,"s:93:23:95:Infinity":33,"f:93:53:93:61":7,"s:94:4:94:Infinity":34,"b:94:11:94:41:94:45:94:Infinity":3,"s:97:29:101:Infinity":35,"f:97:64:97:Infinity":8,"s:99:6:99:Infinity":36,"b:99:13:99:43:99:47:99:Infinity":4,"f:103:11:103:30":9,"s:104:4:104:Infinity":37,"s:105:4:109:Infinity":38,"f:112:11:112:28":10,"s:113:4:113:Infinity":39,"s:114:4:114:Infinity":40,"s:116:4:120:Infinity":41,"s:123:2:226:Infinity":42,"f:148:10:148:42":11,"s:149:12:149:Infinity":43,"s:150:12:150:Infinity":44,"f:150:12:150:38":12,"s:150:47:150:56":45,"f:152:10:152:36":13,"s:153:12:153:Infinity":46,"s:154:12:154:Infinity":47,"f:154:12:154:38":14,"s:154:47:154:56":48,"f:160:10:160:37":15,"s:160:37:160:63":49,"f:164:28:164:33":16,"s:165:32:165:Infinity":50,"s:166:36:169:Infinity":51,"f:166:50:166:Infinity":17,"s:168:16:168:Infinity":52,"s:171:12:185:Infinity":53,"f:181:16:181:30":18,"s:182:18:182:Infinity":54,"s:183:18:183:Infinity":55,"b:200:7:200:Infinity:201:8:213:Infinity":5,"f:217:16:217:21":19,"s:218:10:224:Infinity":56,"f:223:12:223:29":20,"s:223:29:223:Infinity":57}}}
,"/Users/nicktoye/Dev/frontend-refresh-tool/src/components/MockInterview/MockInterview.tsx": {"path":"/Users/nicktoye/Dev/frontend-refresh-tool/src/components/MockInterview/MockInterview.tsx","statementMap":{"0":{"start":{"line":15,"column":23},"end":{"line":15,"column":53}},"1":{"start":{"line":16,"column":24},"end":{"line":16,"column":56}},"2":{"start":{"line":17,"column":19},"end":{"line":17,"column":49}},"3":{"start":{"line":18,"column":17},"end":{"line":18,"column":66}},"4":{"start":{"line":19,"column":18},"end":{"line":19,"column":68}},"5":{"start":{"line":20,"column":8},"end":{"line":20,"column":37}},"6":{"start":{"line":22,"column":25},"end":{"line":22,"column":null}},"7":{"start":{"line":23,"column":19},"end":{"line":23,"column":null}},"8":{"start":{"line":24,"column":21},"end":{"line":26,"column":null}},"9":{"start":{"line":25,"column":20},"end":{"line":25,"column":null}},"10":{"start":{"line":29,"column":4},"end":{"line":29,"column":null}},"11":{"start":{"line":30,"column":21},"end":{"line":30,"column":null}},"12":{"start":{"line":32,"column":2},"end":{"line":57,"column":null}},"13":{"start":{"line":33,"column":4},"end":{"line":33,"column":null}},"14":{"start":{"line":33,"column":46},"end":{"line":33,"column":null}},"15":{"start":{"line":35,"column":73},"end":{"line":35,"column":75}},"16":{"start":{"line":37,"column":4},"end":{"line":47,"column":null}},"17":{"start":{"line":38,"column":27},"end":{"line":38,"column":null}},"18":{"start":{"line":39,"column":20},"end":{"line":39,"column":null}},"19":{"start":{"line":41,"column":6},"end":{"line":42,"column":null}},"20":{"start":{"line":42,"column":8},"end":{"line":42,"column":null}},"21":{"start":{"line":45,"column":6},"end":{"line":45,"column":null}},"22":{"start":{"line":46,"column":6},"end":{"line":46,"column":null}},"23":{"start":{"line":49,"column":4},"end":{"line":54,"column":null}},"24":{"start":{"line":51,"column":8},"end":{"line":51,"column":null}},"25":{"start":{"line":53,"column":6},"end":{"line":53,"column":null}},"26":{"start":{"line":56,"column":4},"end":{"line":56,"column":null}},"27":{"start":{"line":59,"column":2},"end":{"line":60,"column":null}},"28":{"start":{"line":60,"column":4},"end":{"line":60,"column":null}},"29":{"start":{"line":63,"column":26},"end":{"line":63,"column":null}},"30":{"start":{"line":64,"column":25},"end":{"line":64,"column":null}},"31":{"start":{"line":66,"column":20},"end":{"line":66,"column":null}},"32":{"start":{"line":67,"column":23},"end":{"line":67,"column":null}},"33":{"start":{"line":69,"column":8},"end":{"line":70,"column":null}},"34":{"start":{"line":70,"column":4},"end":{"line":70,"column":null}},"35":{"start":{"line":73,"column":8},"end":{"line":80,"column":null}},"36":{"start":{"line":74,"column":4},"end":{"line":74,"column":null}},"37":{"start":{"line":74,"column":26},"end":{"line":74,"column":null}},"38":{"start":{"line":76,"column":4},"end":{"line":79,"column":null}},"39":{"start":{"line":76,"column":26},"end":{"line":79,"column":7}},"40":{"start":{"line":80,"column":4},"end":{"line":80,"column":null}},"41":{"start":{"line":83,"column":8},"end":{"line":100,"column":null}},"42":{"start":{"line":84,"column":4},"end":{"line":84,"column":null}},"43":{"start":{"line":84,"column":26},"end":{"line":84,"column":null}},"44":{"start":{"line":86,"column":4},"end":{"line":89,"column":null}},"45":{"start":{"line":86,"column":25},"end":{"line":89,"column":7}},"46":{"start":{"line":91,"column":4},"end":{"line":95,"column":null}},"47":{"start":{"line":92,"column":6},"end":{"line":92,"column":null}},"48":{"start":{"line":92,"column":32},"end":{"line":92,"column":41}},"49":{"start":{"line":93,"column":6},"end":{"line":93,"column":null}},"50":{"start":{"line":94,"column":6},"end":{"line":94,"column":null}},"51":{"start":{"line":95,"column":6},"end":{"line":95,"column":null}},"52":{"start":{"line":98,"column":4},"end":{"line":98,"column":null}},"53":{"start":{"line":99,"column":4},"end":{"line":99,"column":null}},"54":{"start":{"line":100,"column":4},"end":{"line":100,"column":null}},"55":{"start":{"line":103,"column":2},"end":{"line":105,"column":null}},"56":{"start":{"line":104,"column":4},"end":{"line":105,"column":null}},"57":{"start":{"line":109,"column":2},"end":{"line":118,"column":null}},"58":{"start":{"line":110,"column":4},"end":{"line":118,"column":null}},"59":{"start":{"line":122,"column":2},"end":{"line":134,"column":null}}},"fnMap":{"0":{"name":"MockInterview","decl":{"start":{"line":8,"column":16},"end":{"line":8,"column":30}},"loc":{"start":{"line":14,"column":23},"end":{"line":134,"column":null}},"line":14},"1":{"name":"(anonymous_1)","decl":{"start":{"line":24,"column":43},"end":{"line":24,"column":null}},"loc":{"start":{"line":25,"column":20},"end":{"line":25,"column":null}},"line":25},"2":{"name":"(anonymous_2)","decl":{"start":{"line":32,"column":2},"end":{"line":32,"column":18}},"loc":{"start":{"line":32,"column":18},"end":{"line":57,"column":6}},"line":32},"3":{"name":"(anonymous_3)","decl":{"start":{"line":37,"column":14},"end":{"line":37,"column":23}},"loc":{"start":{"line":37,"column":36},"end":{"line":47,"column":null}},"line":37},"4":{"name":"(anonymous_4)","decl":{"start":{"line":49,"column":34},"end":{"line":49,"column":43}},"loc":{"start":{"line":49,"column":70},"end":{"line":54,"column":null}},"line":49},"5":{"name":"(anonymous_5)","decl":{"start":{"line":69,"column":8},"end":{"line":69,"column":28}},"loc":{"start":{"line":69,"column":28},"end":{"line":70,"column":null}},"line":69},"6":{"name":"(anonymous_6)","decl":{"start":{"line":73,"column":8},"end":{"line":73,"column":29}},"loc":{"start":{"line":73,"column":29},"end":{"line":80,"column":null}},"line":73},"7":{"name":"(anonymous_7)","decl":{"start":{"line":76,"column":4},"end":{"line":76,"column":16}},"loc":{"start":{"line":76,"column":26},"end":{"line":79,"column":7}},"line":76},"8":{"name":"(anonymous_8)","decl":{"start":{"line":83,"column":8},"end":{"line":83,"column":23}},"loc":{"start":{"line":83,"column":41},"end":{"line":100,"column":null}},"line":83},"9":{"name":"(anonymous_9)","decl":{"start":{"line":86,"column":4},"end":{"line":86,"column":15}},"loc":{"start":{"line":86,"column":25},"end":{"line":89,"column":7}},"line":86},"10":{"name":"(anonymous_10)","decl":{"start":{"line":92,"column":6},"end":{"line":92,"column":23}},"loc":{"start":{"line":92,"column":32},"end":{"line":92,"column":41}},"line":92}},"branchMap":{"0":{"loc":{"start":{"line":29,"column":4},"end":{"line":29,"column":null}},"type":"cond-expr","locations":[{"start":{"line":29,"column":19},"end":{"line":29,"column":60}},{"start":{"line":29,"column":63},"end":{"line":29,"column":null}}],"line":29},"1":{"loc":{"start":{"line":30,"column":21},"end":{"line":30,"column":null}},"type":"binary-expr","locations":[{"start":{"line":30,"column":21},"end":{"line":30,"column":43}},{"start":{"line":30,"column":43},"end":{"line":30,"column":null}}],"line":30},"2":{"loc":{"start":{"line":33,"column":4},"end":{"line":33,"column":null}},"type":"if","locations":[{"start":{"line":33,"column":4},"end":{"line":33,"column":null}},{"start":{},"end":{}}],"line":33},"3":{"loc":{"start":{"line":33,"column":8},"end":{"line":33,"column":46}},"type":"binary-expr","locations":[{"start":{"line":33,"column":8},"end":{"line":33,"column":23}},{"start":{"line":33,"column":23},"end":{"line":33,"column":46}}],"line":33},"4":{"loc":{"start":{"line":39,"column":20},"end":{"line":39,"column":null}},"type":"binary-expr","locations":[{"start":{"line":39,"column":20},"end":{"line":39,"column":43}},{"start":{"line":39,"column":43},"end":{"line":39,"column":null}}],"line":39},"5":{"loc":{"start":{"line":41,"column":6},"end":{"line":42,"column":null}},"type":"if","locations":[{"start":{"line":41,"column":6},"end":{"line":42,"column":null}},{"start":{},"end":{}}],"line":41},"6":{"loc":{"start":{"line":51,"column":8},"end":{"line":51,"column":null}},"type":"cond-expr","locations":[{"start":{"line":51,"column":25},"end":{"line":51,"column":71}},{"start":{"line":51,"column":74},"end":{"line":51,"column":null}}],"line":51},"7":{"loc":{"start":{"line":59,"column":2},"end":{"line":60,"column":null}},"type":"if","locations":[{"start":{"line":59,"column":2},"end":{"line":60,"column":null}},{"start":{},"end":{}}],"line":59},"8":{"loc":{"start":{"line":74,"column":4},"end":{"line":74,"column":null}},"type":"if","locations":[{"start":{"line":74,"column":4},"end":{"line":74,"column":null}},{"start":{},"end":{}}],"line":74},"9":{"loc":{"start":{"line":84,"column":4},"end":{"line":84,"column":null}},"type":"if","locations":[{"start":{"line":84,"column":4},"end":{"line":84,"column":null}},{"start":{},"end":{}}],"line":84},"10":{"loc":{"start":{"line":91,"column":4},"end":{"line":95,"column":null}},"type":"if","locations":[{"start":{"line":91,"column":4},"end":{"line":95,"column":null}},{"start":{},"end":{}}],"line":91},"11":{"loc":{"start":{"line":99,"column":21},"end":{"line":99,"column":74}},"type":"cond-expr","locations":[{"start":{"line":99,"column":37},"end":{"line":99,"column":71}},{"start":{"line":99,"column":71},"end":{"line":99,"column":74}}],"line":99},"12":{"loc":{"start":{"line":99,"column":37},"end":{"line":99,"column":71}},"type":"binary-expr","locations":[{"start":{"line":99,"column":37},"end":{"line":99,"column":65}},{"start":{"line":99,"column":65},"end":{"line":99,"column":71}}],"line":99},"13":{"loc":{"start":{"line":103,"column":2},"end":{"line":105,"column":null}},"type":"if","locations":[{"start":{"line":103,"column":2},"end":{"line":105,"column":null}},{"start":{},"end":{}}],"line":103},"14":{"loc":{"start":{"line":109,"column":2},"end":{"line":118,"column":null}},"type":"if","locations":[{"start":{"line":109,"column":2},"end":{"line":118,"column":null}},{"start":{},"end":{}}],"line":109}},"s":{"0":22,"1":22,"2":22,"3":22,"4":22,"5":22,"6":22,"7":22,"8":22,"9":13,"10":22,"11":22,"12":22,"13":15,"14":12,"15":3,"16":3,"17":6,"18":6,"19":6,"20":4,"21":6,"22":6,"23":3,"24":4,"25":4,"26":3,"27":22,"28":1,"29":21,"30":21,"31":21,"32":21,"33":21,"34":0,"35":21,"36":7,"37":0,"38":7,"39":7,"40":7,"41":21,"42":7,"43":0,"44":7,"45":7,"46":7,"47":3,"48":3,"49":3,"50":3,"51":3,"52":4,"53":4,"54":7,"55":21,"56":2,"57":19,"58":3,"59":16},"f":{"0":22,"1":13,"2":15,"3":6,"4":4,"5":0,"6":7,"7":7,"8":7,"9":7,"10":3},"b":{"0":[19,3],"1":[22,19],"2":[12,3],"3":[15,3],"4":[6,0],"5":[4,2],"6":[4,0],"7":[1,21],"8":[0,7],"9":[0,7],"10":[3,4],"11":[4,0],"12":[4,4],"13":[2,19],"14":[3,16]},"meta":{"lastBranch":15,"lastFunction":11,"lastStatement":60,"seen":{"f:8:16:8:30":0,"s:15:23:15:53":0,"s:16:24:16:56":1,"s:17:19:17:49":2,"s:18:17:18:66":3,"s:19:18:19:68":4,"s:20:8:20:37":5,"s:22:25:22:Infinity":6,"s:23:19:23:Infinity":7,"s:24:21:26:Infinity":8,"f:24:43:24:Infinity":1,"s:25:20:25:Infinity":9,"s:29:4:29:Infinity":10,"b:29:19:29:60:29:63:29:Infinity":0,"s:30:21:30:Infinity":11,"b:30:21:30:43:30:43:30:Infinity":1,"s:32:2:57:Infinity":12,"f:32:2:32:18":2,"b:33:4:33:Infinity:undefined:undefined:undefined:undefined":2,"s:33:4:33:Infinity":13,"b:33:8:33:23:33:23:33:46":3,"s:33:46:33:Infinity":14,"s:35:73:35:75":15,"s:37:4:47:Infinity":16,"f:37:14:37:23":3,"s:38:27:38:Infinity":17,"s:39:20:39:Infinity":18,"b:39:20:39:43:39:43:39:Infinity":4,"b:41:6:42:Infinity:undefined:undefined:undefined:undefined":5,"s:41:6:42:Infinity":19,"s:42:8:42:Infinity":20,"s:45:6:45:Infinity":21,"s:46:6:46:Infinity":22,"s:49:4:54:Infinity":23,"f:49:34:49:43":4,"s:51:8:51:Infinity":24,"b:51:25:51:71:51:74:51:Infinity":6,"s:53:6:53:Infinity":25,"s:56:4:56:Infinity":26,"b:59:2:60:Infinity:undefined:undefined:undefined:undefined":7,"s:59:2:60:Infinity":27,"s:60:4:60:Infinity":28,"s:63:26:63:Infinity":29,"s:64:25:64:Infinity":30,"s:66:20:66:Infinity":31,"s:67:23:67:Infinity":32,"s:69:8:70:Infinity":33,"f:69:8:69:28":5,"s:70:4:70:Infinity":34,"s:73:8:80:Infinity":35,"f:73:8:73:29":6,"b:74:4:74:Infinity:undefined:undefined:undefined:undefined":8,"s:74:4:74:Infinity":36,"s:74:26:74:Infinity":37,"s:76:4:79:Infinity":38,"f:76:4:76:16":7,"s:76:26:79:7":39,"s:80:4:80:Infinity":40,"s:83:8:100:Infinity":41,"f:83:8:83:23":8,"b:84:4:84:Infinity:undefined:undefined:undefined:undefined":9,"s:84:4:84:Infinity":42,"s:84:26:84:Infinity":43,"s:86:4:89:Infinity":44,"f:86:4:86:15":9,"s:86:25:89:7":45,"b:91:4:95:Infinity:undefined:undefined:undefined:undefined":10,"s:91:4:95:Infinity":46,"s:92:6:92:Infinity":47,"f:92:6:92:23":10,"s:92:32:92:41":48,"s:93:6:93:Infinity":49,"s:94:6:94:Infinity":50,"s:95:6:95:Infinity":51,"s:98:4:98:Infinity":52,"s:99:4:99:Infinity":53,"b:99:37:99:71:99:71:99:74":11,"b:99:37:99:65:99:65:99:71":12,"s:100:4:100:Infinity":54,"b:103:2:105:Infinity:undefined:undefined:undefined:undefined":13,"s:103:2:105:Infinity":55,"s:104:4:105:Infinity":56,"b:109:2:118:Infinity:undefined:undefined:undefined:undefined":14,"s:109:2:118:Infinity":57,"s:110:4:118:Infinity":58,"s:122:2:134:Infinity":59}}}
,"/Users/nicktoye/Dev/frontend-refresh-tool/src/components/MockInterview/MockInterviewComplete.tsx": {"path":"/Users/nicktoye/Dev/frontend-refresh-tool/src/components/MockInterview/MockInterviewComplete.tsx","statementMap":{"0":{"start":{"line":14,"column":2},"end":{"line":45,"column":null}},"1":{"start":{"line":21,"column":24},"end":{"line":21,"column":43}}},"fnMap":{"0":{"name":"MockInterviewComplete","decl":{"start":{"line":6,"column":16},"end":{"line":6,"column":38}},"loc":{"start":{"line":13,"column":31},"end":{"line":45,"column":null}},"line":13},"1":{"name":"(anonymous_1)","decl":{"start":{"line":21,"column":8},"end":{"line":21,"column":18}},"loc":{"start":{"line":21,"column":24},"end":{"line":21,"column":43}},"line":21}},"branchMap":{"0":{"loc":{"start":{"line":35,"column":13},"end":{"line":35,"column":45}},"type":"cond-expr","locations":[{"start":{"line":35,"column":36},"end":{"line":35,"column":41}},{"start":{"line":35,"column":41},"end":{"line":35,"column":45}}],"line":35}},"s":{"0":8,"1":0},"f":{"0":8,"1":0},"b":{"0":[2,6]},"meta":{"lastBranch":1,"lastFunction":2,"lastStatement":2,"seen":{"f:6:16:6:38":0,"s:14:2:45:Infinity":0,"f:21:8:21:18":1,"s:21:24:21:43":1,"b:35:36:35:41:35:41:35:45":0}}}
,"/Users/nicktoye/Dev/frontend-refresh-tool/src/components/MockInterview/MockInterviewNoQuestions.tsx": {"path":"/Users/nicktoye/Dev/frontend-refresh-tool/src/components/MockInterview/MockInterviewNoQuestions.tsx","statementMap":{"0":{"start":{"line":10,"column":2},"end":{"line":36,"column":null}},"1":{"start":{"line":17,"column":24},"end":{"line":17,"column":43}}},"fnMap":{"0":{"name":"MockInterviewNoQuestions","decl":{"start":{"line":6,"column":16},"end":{"line":6,"column":41}},"loc":{"start":{"line":9,"column":34},"end":{"line":36,"column":null}},"line":9},"1":{"name":"(anonymous_1)","decl":{"start":{"line":17,"column":8},"end":{"line":17,"column":18}},"loc":{"start":{"line":17,"column":24},"end":{"line":17,"column":43}},"line":17}},"branchMap":{},"s":{"0":2,"1":0},"f":{"0":2,"1":0},"b":{},"meta":{"lastBranch":0,"lastFunction":2,"lastStatement":2,"seen":{"f:6:16:6:41":0,"s:10:2:36:Infinity":0,"f:17:8:17:18":1,"s:17:24:17:43":1}}}
,"/Users/nicktoye/Dev/frontend-refresh-tool/src/components/MockInterview/MockInterviewQuestions.tsx": {"path":"/Users/nicktoye/Dev/frontend-refresh-tool/src/components/MockInterview/MockInterviewQuestions.tsx","statementMap":{"0":{"start":{"line":18,"column":2},"end":{"line":124,"column":null}},"1":{"start":{"line":25,"column":24},"end":{"line":25,"column":43}},"2":{"start":{"line":64,"column":31},"end":{"line":64,"column":63}},"3":{"start":{"line":95,"column":35},"end":{"line":95,"column":51}},"4":{"start":{"line":101,"column":35},"end":{"line":101,"column":51}},"5":{"start":{"line":107,"column":35},"end":{"line":107,"column":51}},"6":{"start":{"line":113,"column":35},"end":{"line":113,"column":51}}},"fnMap":{"0":{"name":"MockInterviewQuestions","decl":{"start":{"line":6,"column":16},"end":{"line":6,"column":39}},"loc":{"start":{"line":17,"column":32},"end":{"line":124,"column":null}},"line":17},"1":{"name":"(anonymous_1)","decl":{"start":{"line":25,"column":8},"end":{"line":25,"column":18}},"loc":{"start":{"line":25,"column":24},"end":{"line":25,"column":43}},"line":25},"2":{"name":"(anonymous_2)","decl":{"start":{"line":64,"column":14},"end":{"line":64,"column":25}},"loc":{"start":{"line":64,"column":31},"end":{"line":64,"column":63}},"line":64},"3":{"name":"(anonymous_3)","decl":{"start":{"line":95,"column":20},"end":{"line":95,"column":35}},"loc":{"start":{"line":95,"column":35},"end":{"line":95,"column":51}},"line":95},"4":{"name":"(anonymous_4)","decl":{"start":{"line":101,"column":20},"end":{"line":101,"column":35}},"loc":{"start":{"line":101,"column":35},"end":{"line":101,"column":51}},"line":101},"5":{"name":"(anonymous_5)","decl":{"start":{"line":107,"column":20},"end":{"line":107,"column":35}},"loc":{"start":{"line":107,"column":35},"end":{"line":107,"column":51}},"line":107},"6":{"name":"(anonymous_6)","decl":{"start":{"line":113,"column":20},"end":{"line":113,"column":35}},"loc":{"start":{"line":113,"column":35},"end":{"line":113,"column":51}},"line":113}},"branchMap":{"0":{"loc":{"start":{"line":72,"column":11},"end":{"line":119,"column":null}},"type":"cond-expr","locations":[{"start":{"line":73,"column":12},"end":{"line":81,"column":13}},{"start":{"line":81,"column":12},"end":{"line":119,"column":null}}],"line":72}},"s":{"0":23,"1":19,"2":0,"3":2,"4":3,"5":1,"6":5},"f":{"0":23,"1":19,"2":0,"3":2,"4":3,"5":1,"6":5},"b":{"0":[13,10]},"meta":{"lastBranch":1,"lastFunction":7,"lastStatement":7,"seen":{"f:6:16:6:39":0,"s:18:2:124:Infinity":0,"f:25:8:25:18":1,"s:25:24:25:43":1,"f:64:14:64:25":2,"s:64:31:64:63":2,"b:73:12:81:13:81:12:119:Infinity":0,"f:95:20:95:35":3,"s:95:35:95:51":3,"f:101:20:101:35":4,"s:101:35:101:51":4,"f:107:20:107:35":5,"s:107:35:107:51":5,"f:113:20:113:35":6,"s:113:35:113:51":6}}}
,"/Users/nicktoye/Dev/frontend-refresh-tool/src/components/SectionCard/SectionCard.tsx": {"path":"/Users/nicktoye/Dev/frontend-refresh-tool/src/components/SectionCard/SectionCard.tsx","statementMap":{"0":{"start":{"line":16,"column":19},"end":{"line":18,"column":null}},"1":{"start":{"line":20,"column":21},"end":{"line":20,"column":null}},"2":{"start":{"line":22,"column":25},"end":{"line":22,"column":null}},"3":{"start":{"line":22,"column":56},"end":{"line":22,"column":71}},"4":{"start":{"line":24,"column":23},"end":{"line":26,"column":null}},"5":{"start":{"line":25,"column":14},"end":{"line":25,"column":null}},"6":{"start":{"line":28,"column":29},"end":{"line":30,"column":null}},"7":{"start":{"line":29,"column":14},"end":{"line":29,"column":null}},"8":{"start":{"line":32,"column":16},"end":{"line":32,"column":null}},"9":{"start":{"line":34,"column":2},"end":{"line":103,"column":null}}},"fnMap":{"0":{"name":"SectionCard","decl":{"start":{"line":6,"column":16},"end":{"line":6,"column":28}},"loc":{"start":{"line":15,"column":21},"end":{"line":103,"column":null}},"line":15},"1":{"name":"(anonymous_1)","decl":{"start":{"line":22,"column":39},"end":{"line":22,"column":47}},"loc":{"start":{"line":22,"column":56},"end":{"line":22,"column":71}},"line":22},"2":{"name":"(anonymous_2)","decl":{"start":{"line":24,"column":37},"end":{"line":24,"column":null}},"loc":{"start":{"line":25,"column":14},"end":{"line":25,"column":null}},"line":25},"3":{"name":"(anonymous_3)","decl":{"start":{"line":28,"column":43},"end":{"line":28,"column":null}},"loc":{"start":{"line":29,"column":14},"end":{"line":29,"column":null}},"line":29}},"branchMap":{"0":{"loc":{"start":{"line":16,"column":19},"end":{"line":18,"column":null}},"type":"cond-expr","locations":[{"start":{"line":17,"column":6},"end":{"line":17,"column":55}},{"start":{"line":18,"column":6},"end":{"line":18,"column":null}}],"line":16},"1":{"loc":{"start":{"line":20,"column":21},"end":{"line":20,"column":null}},"type":"binary-expr","locations":[{"start":{"line":20,"column":21},"end":{"line":20,"column":40}},{"start":{"line":20,"column":40},"end":{"line":20,"column":null}}],"line":20},"2":{"loc":{"start":{"line":40,"column":4},"end":{"line":42,"column":null}},"type":"cond-expr","locations":[{"start":{"line":41,"column":8},"end":{"line":41,"column":null}},{"start":{"line":42,"column":8},"end":{"line":42,"column":null}}],"line":40},"3":{"loc":{"start":{"line":52,"column":11},"end":{"line":53,"column":null}},"type":"binary-expr","locations":[{"start":{"line":52,"column":11},"end":{"line":52,"column":null}},{"start":{"line":53,"column":12},"end":{"line":53,"column":null}}],"line":52},"4":{"loc":{"start":{"line":57,"column":10},"end":{"line":81,"column":null}},"type":"binary-expr","locations":[{"start":{"line":57,"column":10},"end":{"line":57,"column":30}},{"start":{"line":57,"column":30},"end":{"line":57,"column":56}},{"start":{"line":57,"column":56},"end":{"line":57,"column":null}},{"start":{"line":58,"column":10},"end":{"line":81,"column":null}}],"line":57},"5":{"loc":{"start":{"line":59,"column":13},"end":{"line":62,"column":null}},"type":"binary-expr","locations":[{"start":{"line":59,"column":13},"end":{"line":59,"column":null}},{"start":{"line":60,"column":14},"end":{"line":62,"column":null}}],"line":59},"6":{"loc":{"start":{"line":66,"column":13},"end":{"line":69,"column":null}},"type":"binary-expr","locations":[{"start":{"line":66,"column":13},"end":{"line":66,"column":null}},{"start":{"line":67,"column":14},"end":{"line":69,"column":null}}],"line":66},"7":{"loc":{"start":{"line":73,"column":13},"end":{"line":81,"column":null}},"type":"binary-expr","locations":[{"start":{"line":73,"column":13},"end":{"line":73,"column":null}},{"start":{"line":74,"column":14},"end":{"line":81,"column":null}}],"line":73},"8":{"loc":{"start":{"line":96,"column":18},"end":{"line":96,"column":null}},"type":"cond-expr","locations":[{"start":{"line":96,"column":31},"end":{"line":96,"column":50}},{"start":{"line":96,"column":50},"end":{"line":96,"column":null}}],"line":96}},"s":{"0":0,"1":0,"2":0,"3":0,"4":0,"5":0,"6":0,"7":0,"8":0,"9":0},"f":{"0":0,"1":0,"2":0,"3":0},"b":{"0":[0,0],"1":[0,0],"2":[0,0],"3":[0,0],"4":[0,0,0,0],"5":[0,0],"6":[0,0],"7":[0,0],"8":[0,0]},"meta":{"lastBranch":9,"lastFunction":4,"lastStatement":10,"seen":{"f:6:16:6:28":0,"s:16:19:18:Infinity":0,"b:17:6:17:55:18:6:18:Infinity":0,"s:20:21:20:Infinity":1,"b:20:21:20:40:20:40:20:Infinity":1,"s:22:25:22:Infinity":2,"f:22:39:22:47":1,"s:22:56:22:71":3,"s:24:23:26:Infinity":4,"f:24:37:24:Infinity":2,"s:25:14:25:Infinity":5,"s:28:29:30:Infinity":6,"f:28:43:28:Infinity":3,"s:29:14:29:Infinity":7,"s:32:16:32:Infinity":8,"s:34:2:103:Infinity":9,"b:41:8:41:Infinity:42:8:42:Infinity":2,"b:52:11:52:Infinity:53:12:53:Infinity":3,"b:57:10:57:30:57:30:57:56:57:56:57:Infinity:58:10:81:Infinity":4,"b:59:13:59:Infinity:60:14:62:Infinity":5,"b:66:13:66:Infinity:67:14:69:Infinity":6,"b:73:13:73:Infinity:74:14:81:Infinity":7,"b:96:31:96:50:96:50:96:Infinity":8}}}
,"/Users/nicktoye/Dev/frontend-refresh-tool/src/components/SubjectNav/SubjectNav.tsx": {"path":"/Users/nicktoye/Dev/frontend-refresh-tool/src/components/SubjectNav/SubjectNav.tsx","statementMap":{"0":{"start":{"line":12,"column":25},"end":{"line":12,"column":61}},"1":{"start":{"line":14,"column":2},"end":{"line":20,"column":null}},"2":{"start":{"line":15,"column":4},"end":{"line":18,"column":null}},"3":{"start":{"line":16,"column":6},"end":{"line":16,"column":null}},"4":{"start":{"line":18,"column":6},"end":{"line":18,"column":null}},"5":{"start":{"line":22,"column":8},"end":{"line":24,"column":null}},"6":{"start":{"line":23,"column":4},"end":{"line":23,"column":null}},"7":{"start":{"line":24,"column":4},"end":{"line":24,"column":null}},"8":{"start":{"line":27,"column":2},"end":{"line":97,"column":null}},"9":{"start":{"line":32,"column":25},"end":{"line":32,"column":48}},"10":{"start":{"line":43,"column":10},"end":{"line":53,"column":null}},"11":{"start":{"line":45,"column":27},"end":{"line":45,"column":56}},"12":{"start":{"line":61,"column":25},"end":{"line":61,"column":49}},"13":{"start":{"line":65,"column":28},"end":{"line":65,"column":47}},"14":{"start":{"line":72,"column":31},"end":{"line":72,"column":55}},"15":{"start":{"line":81,"column":16},"end":{"line":91,"column":null}},"16":{"start":{"line":83,"column":33},"end":{"line":83,"column":64}}},"fnMap":{"0":{"name":"SubjectNav","decl":{"start":{"line":11,"column":16},"end":{"line":11,"column":27}},"loc":{"start":{"line":11,"column":77},"end":{"line":97,"column":null}},"line":11},"1":{"name":"(anonymous_1)","decl":{"start":{"line":14,"column":2},"end":{"line":14,"column":18}},"loc":{"start":{"line":14,"column":18},"end":{"line":20,"column":6}},"line":14},"2":{"name":"(anonymous_2)","decl":{"start":{"line":22,"column":8},"end":{"line":22,"column":24}},"loc":{"start":{"line":22,"column":44},"end":{"line":24,"column":null}},"line":22},"3":{"name":"(anonymous_3)","decl":{"start":{"line":32,"column":10},"end":{"line":32,"column":25}},"loc":{"start":{"line":32,"column":25},"end":{"line":32,"column":48}},"line":32},"4":{"name":"(anonymous_4)","decl":{"start":{"line":42,"column":18},"end":{"line":42,"column":23}},"loc":{"start":{"line":43,"column":10},"end":{"line":53,"column":null}},"line":43},"5":{"name":"(anonymous_5)","decl":{"start":{"line":45,"column":12},"end":{"line":45,"column":27}},"loc":{"start":{"line":45,"column":27},"end":{"line":45,"column":56}},"line":45},"6":{"name":"(anonymous_6)","decl":{"start":{"line":61,"column":10},"end":{"line":61,"column":25}},"loc":{"start":{"line":61,"column":25},"end":{"line":61,"column":49}},"line":61},"7":{"name":"(anonymous_7)","decl":{"start":{"line":65,"column":12},"end":{"line":65,"column":22}},"loc":{"start":{"line":65,"column":28},"end":{"line":65,"column":47}},"line":65},"8":{"name":"(anonymous_8)","decl":{"start":{"line":72,"column":16},"end":{"line":72,"column":31}},"loc":{"start":{"line":72,"column":31},"end":{"line":72,"column":55}},"line":72},"9":{"name":"(anonymous_9)","decl":{"start":{"line":80,"column":24},"end":{"line":80,"column":29}},"loc":{"start":{"line":81,"column":16},"end":{"line":91,"column":null}},"line":81},"10":{"name":"(anonymous_10)","decl":{"start":{"line":83,"column":18},"end":{"line":83,"column":33}},"loc":{"start":{"line":83,"column":33},"end":{"line":83,"column":64}},"line":83}},"branchMap":{"0":{"loc":{"start":{"line":15,"column":4},"end":{"line":18,"column":null}},"type":"if","locations":[{"start":{"line":15,"column":4},"end":{"line":18,"column":null}},{"start":{"line":17,"column":11},"end":{"line":18,"column":null}}],"line":15},"1":{"loc":{"start":{"line":47,"column":14},"end":{"line":49,"column":null}},"type":"cond-expr","locations":[{"start":{"line":48,"column":18},"end":{"line":48,"column":null}},{"start":{"line":49,"column":18},"end":{"line":49,"column":null}}],"line":47},"2":{"loc":{"start":{"line":58,"column":7},"end":{"line":95,"column":null}},"type":"binary-expr","locations":[{"start":{"line":58,"column":7},"end":{"line":58,"column":null}},{"start":{"line":59,"column":8},"end":{"line":95,"column":null}}],"line":58},"3":{"loc":{"start":{"line":85,"column":20},"end":{"line":87,"column":null}},"type":"cond-expr","locations":[{"start":{"line":86,"column":24},"end":{"line":86,"column":null}},{"start":{"line":87,"column":24},"end":{"line":87,"column":null}}],"line":85}},"s":{"0":0,"1":0,"2":0,"3":0,"4":0,"5":0,"6":0,"7":0,"8":0,"9":0,"10":0,"11":0,"12":0,"13":0,"14":0,"15":0,"16":0},"f":{"0":0,"1":0,"2":0,"3":0,"4":0,"5":0,"6":0,"7":0,"8":0,"9":0,"10":0},"b":{"0":[0,0],"1":[0,0],"2":[0,0],"3":[0,0]},"meta":{"lastBranch":4,"lastFunction":11,"lastStatement":17,"seen":{"f:11:16:11:27":0,"s:12:25:12:61":0,"s:14:2:20:Infinity":1,"f:14:2:14:18":1,"b:15:4:18:Infinity:17:11:18:Infinity":0,"s:15:4:18:Infinity":2,"s:16:6:16:Infinity":3,"s:18:6:18:Infinity":4,"s:22:8:24:Infinity":5,"f:22:8:22:24":2,"s:23:4:23:Infinity":6,"s:24:4:24:Infinity":7,"s:27:2:97:Infinity":8,"f:32:10:32:25":3,"s:32:25:32:48":9,"f:42:18:42:23":4,"s:43:10:53:Infinity":10,"f:45:12:45:27":5,"s:45:27:45:56":11,"b:48:18:48:Infinity:49:18:49:Infinity":1,"b:58:7:58:Infinity:59:8:95:Infinity":2,"f:61:10:61:25":6,"s:61:25:61:49":12,"f:65:12:65:22":7,"s:65:28:65:47":13,"f:72:16:72:31":8,"s:72:31:72:55":14,"f:80:24:80:29":9,"s:81:16:91:Infinity":15,"f:83:18:83:33":10,"s:83:33:83:64":16,"b:86:24:86:Infinity:87:24:87:Infinity":3}}}
,"/Users/nicktoye/Dev/frontend-refresh-tool/src/components/Toolbar/Toolbar.tsx": {"path":"/Users/nicktoye/Dev/frontend-refresh-tool/src/components/Toolbar/Toolbar.tsx","statementMap":{"0":{"start":{"line":21,"column":2},"end":{"line":130,"column":null}},"1":{"start":{"line":28,"column":31},"end":{"line":28,"column":61}},"2":{"start":{"line":40,"column":35},"end":{"line":40,"column":78}},"3":{"start":{"line":50,"column":35},"end":{"line":50,"column":76}}},"fnMap":{"0":{"name":"Toolbar","decl":{"start":{"line":5,"column":16},"end":{"line":5,"column":24}},"loc":{"start":{"line":20,"column":17},"end":{"line":130,"column":null}},"line":20},"1":{"name":"(anonymous_1)","decl":{"start":{"line":28,"column":14},"end":{"line":28,"column":25}},"loc":{"start":{"line":28,"column":31},"end":{"line":28,"column":61}},"line":28},"2":{"name":"(anonymous_2)","decl":{"start":{"line":40,"column":18},"end":{"line":40,"column":29}},"loc":{"start":{"line":40,"column":35},"end":{"line":40,"column":78}},"line":40},"3":{"name":"(anonymous_3)","decl":{"start":{"line":50,"column":18},"end":{"line":50,"column":29}},"loc":{"start":{"line":50,"column":35},"end":{"line":50,"column":76}},"line":50}},"branchMap":{"0":{"loc":{"start":{"line":85,"column":55},"end":{"line":85,"column":null}},"type":"cond-expr","locations":[{"start":{"line":85,"column":75},"end":{"line":85,"column":91}},{"start":{"line":85,"column":91},"end":{"line":85,"column":null}}],"line":85},"1":{"loc":{"start":{"line":90,"column":13},"end":{"line":92,"column":null}},"type":"cond-expr","locations":[{"start":{"line":91,"column":16},"end":{"line":91,"column":null}},{"start":{"line":92,"column":16},"end":{"line":92,"column":null}}],"line":90},"2":{"loc":{"start":{"line":95,"column":63},"end":{"line":95,"column":null}},"type":"cond-expr","locations":[{"start":{"line":95,"column":82},"end":{"line":95,"column":98}},{"start":{"line":95,"column":98},"end":{"line":95,"column":null}}],"line":95},"3":{"loc":{"start":{"line":100,"column":13},"end":{"line":102,"column":null}},"type":"cond-expr","locations":[{"start":{"line":101,"column":16},"end":{"line":101,"column":null}},{"start":{"line":102,"column":16},"end":{"line":102,"column":null}}],"line":100},"4":{"loc":{"start":{"line":105,"column":63},"end":{"line":105,"column":null}},"type":"cond-expr","locations":[{"start":{"line":105,"column":88},"end":{"line":105,"column":104}},{"start":{"line":105,"column":104},"end":{"line":105,"column":null}}],"line":105},"5":{"loc":{"start":{"line":110,"column":13},"end":{"line":112,"column":null}},"type":"cond-expr","locations":[{"start":{"line":111,"column":16},"end":{"line":111,"column":null}},{"start":{"line":112,"column":16},"end":{"line":112,"column":null}}],"line":110},"6":{"loc":{"start":{"line":116,"column":11},"end":{"line":125,"column":28}},"type":"binary-expr","locations":[{"start":{"line":116,"column":11},"end":{"line":116,"column":null}},{"start":{"line":117,"column":12},"end":{"line":125,"column":28}}],"line":116},"7":{"loc":{"start":{"line":125,"column":11},"end":{"line":130,"column":null}},"type":"binary-expr","locations":[{"start":{"line":125,"column":11},"end":{"line":125,"column":null}},{"start":{"line":126,"column":12},"end":{"line":130,"column":null}}],"line":125}},"s":{"0":0,"1":0,"2":0,"3":0},"f":{"0":0,"1":0,"2":0,"3":0},"b":{"0":[0,0],"1":[0,0],"2":[0,0],"3":[0,0],"4":[0,0],"5":[0,0],"6":[0,0],"7":[0,0]},"meta":{"lastBranch":8,"lastFunction":4,"lastStatement":4,"seen":{"f:5:16:5:24":0,"s:21:2:130:Infinity":0,"f:28:14:28:25":1,"s:28:31:28:61":1,"f:40:18:40:29":2,"s:40:35:40:78":2,"f:50:18:50:29":3,"s:50:35:50:76":3,"b:85:75:85:91:85:91:85:Infinity":0,"b:91:16:91:Infinity:92:16:92:Infinity":1,"b:95:82:95:98:95:98:95:Infinity":2,"b:101:16:101:Infinity:102:16:102:Infinity":3,"b:105:88:105:104:105:104:105:Infinity":4,"b:111:16:111:Infinity:112:16:112:Infinity":5,"b:116:11:116:Infinity:117:12:125:28":6,"b:125:11:125:Infinity:126:12:130:Infinity":7}}}
,"/Users/nicktoye/Dev/frontend-refresh-tool/src/components/TopicItem/TopicItem.tsx": {"path":"/Users/nicktoye/Dev/frontend-refresh-tool/src/components/TopicItem/TopicItem.tsx","statementMap":{"0":{"start":{"line":23,"column":2},"end":{"line":173,"column":null}},"1":{"start":{"line":35,"column":26},"end":{"line":35,"column":75}},"2":{"start":{"line":43,"column":12},"end":{"line":43,"column":null}},"3":{"start":{"line":43,"column":39},"end":{"line":43,"column":null}},"4":{"start":{"line":44,"column":12},"end":{"line":44,"column":null}},"5":{"start":{"line":44,"column":37},"end":{"line":44,"column":null}},"6":{"start":{"line":66,"column":22},"end":{"line":66,"column":null}},"7":{"start":{"line":67,"column":22},"end":{"line":67,"column":null}},"8":{"start":{"line":80,"column":22},"end":{"line":80,"column":null}},"9":{"start":{"line":81,"column":22},"end":{"line":81,"column":null}},"10":{"start":{"line":154,"column":18},"end":{"line":154,"column":null}},"11":{"start":{"line":155,"column":18},"end":{"line":155,"column":null}},"12":{"start":{"line":166,"column":16},"end":{"line":166,"column":null}},"13":{"start":{"line":167,"column":16},"end":{"line":167,"column":null}}},"fnMap":{"0":{"name":"TopicItem","decl":{"start":{"line":8,"column":16},"end":{"line":8,"column":26}},"loc":{"start":{"line":22,"column":19},"end":{"line":173,"column":null}},"line":22},"1":{"name":"(anonymous_1)","decl":{"start":{"line":35,"column":10},"end":{"line":35,"column":26}},"loc":{"start":{"line":35,"column":26},"end":{"line":35,"column":75}},"line":35},"2":{"name":"(anonymous_2)","decl":{"start":{"line":42,"column":10},"end":{"line":42,"column":22}},"loc":{"start":{"line":42,"column":28},"end":{"line":44,"column":null}},"line":42},"3":{"name":"(anonymous_3)","decl":{"start":{"line":65,"column":20},"end":{"line":65,"column":30}},"loc":{"start":{"line":65,"column":36},"end":{"line":67,"column":null}},"line":65},"4":{"name":"(anonymous_4)","decl":{"start":{"line":79,"column":20},"end":{"line":79,"column":30}},"loc":{"start":{"line":79,"column":36},"end":{"line":81,"column":null}},"line":79},"5":{"name":"(anonymous_5)","decl":{"start":{"line":153,"column":16},"end":{"line":153,"column":26}},"loc":{"start":{"line":153,"column":32},"end":{"line":155,"column":null}},"line":153},"6":{"name":"(anonymous_6)","decl":{"start":{"line":165,"column":14},"end":{"line":165,"column":24}},"loc":{"start":{"line":165,"column":30},"end":{"line":167,"column":null}},"line":165}},"branchMap":{"0":{"loc":{"start":{"line":26,"column":8},"end":{"line":28,"column":null}},"type":"cond-expr","locations":[{"start":{"line":27,"column":12},"end":{"line":27,"column":null}},{"start":{"line":28,"column":12},"end":{"line":28,"column":null}}],"line":26},"1":{"loc":{"start":{"line":29,"column":10},"end":{"line":29,"column":null}},"type":"cond-expr","locations":[{"start":{"line":29,"column":19},"end":{"line":29,"column":37}},{"start":{"line":29,"column":37},"end":{"line":29,"column":null}}],"line":29},"2":{"loc":{"start":{"line":43,"column":12},"end":{"line":43,"column":null}},"type":"if","locations":[{"start":{"line":43,"column":12},"end":{"line":43,"column":null}},{"start":{},"end":{}}],"line":43},"3":{"loc":{"start":{"line":44,"column":12},"end":{"line":44,"column":null}},"type":"if","locations":[{"start":{"line":44,"column":12},"end":{"line":44,"column":null}},{"start":{},"end":{}}],"line":44},"4":{"loc":{"start":{"line":52,"column":15},"end":{"line":55,"column":null}},"type":"binary-expr","locations":[{"start":{"line":52,"column":15},"end":{"line":52,"column":null}},{"start":{"line":53,"column":16},"end":{"line":55,"column":null}}],"line":52},"5":{"loc":{"start":{"line":60,"column":15},"end":{"line":74,"column":null}},"type":"binary-expr","locations":[{"start":{"line":60,"column":15},"end":{"line":60,"column":null}},{"start":{"line":61,"column":16},"end":{"line":74,"column":null}}],"line":60},"6":{"loc":{"start":{"line":74,"column":15},"end":{"line":85,"column":null}},"type":"binary-expr","locations":[{"start":{"line":74,"column":15},"end":{"line":74,"column":null}},{"start":{"line":75,"column":16},"end":{"line":85,"column":null}}],"line":74},"7":{"loc":{"start":{"line":93,"column":14},"end":{"line":93,"column":null}},"type":"cond-expr","locations":[{"start":{"line":93,"column":23},"end":{"line":93,"column":49}},{"start":{"line":93,"column":49},"end":{"line":93,"column":null}}],"line":93},"8":{"loc":{"start":{"line":107,"column":7},"end":{"line":173,"column":null}},"type":"binary-expr","locations":[{"start":{"line":107,"column":7},"end":{"line":107,"column":null}},{"start":{"line":108,"column":8},"end":{"line":173,"column":null}}],"line":107},"9":{"loc":{"start":{"line":113,"column":11},"end":{"line":146,"column":null}},"type":"binary-expr","locations":[{"start":{"line":113,"column":11},"end":{"line":113,"column":null}},{"start":{"line":114,"column":12},"end":{"line":146,"column":null}}],"line":113},"10":{"loc":{"start":{"line":151,"column":13},"end":{"line":164,"column":13}},"type":"binary-expr","locations":[{"start":{"line":151,"column":13},"end":{"line":151,"column":null}},{"start":{"line":152,"column":14},"end":{"line":164,"column":13}}],"line":151},"11":{"loc":{"start":{"line":158,"column":132},"end":{"line":158,"column":null}},"type":"cond-expr","locations":[{"start":{"line":158,"column":149},"end":{"line":158,"column":226}},{"start":{"line":158,"column":226},"end":{"line":158,"column":null}}],"line":158},"12":{"loc":{"start":{"line":170,"column":130},"end":{"line":170,"column":null}},"type":"cond-expr","locations":[{"start":{"line":170,"column":142},"end":{"line":170,"column":219}},{"start":{"line":170,"column":219},"end":{"line":170,"column":null}}],"line":170}},"s":{"0":0,"1":0,"2":0,"3":0,"4":0,"5":0,"6":0,"7":0,"8":0,"9":0,"10":0,"11":0,"12":0,"13":0},"f":{"0":0,"1":0,"2":0,"3":0,"4":0,"5":0,"6":0},"b":{"0":[0,0],"1":[0,0],"2":[0,0],"3":[0,0],"4":[0,0],"5":[0,0],"6":[0,0],"7":[0,0],"8":[0,0],"9":[0,0],"10":[0,0],"11":[0,0],"12":[0,0]},"meta":{"lastBranch":13,"lastFunction":7,"lastStatement":14,"seen":{"f:8:16:8:26":0,"s:23:2:173:Infinity":0,"b:27:12:27:Infinity:28:12:28:Infinity":0,"b:29:19:29:37:29:37:29:Infinity":1,"f:35:10:35:26":1,"s:35:26:35:75":1,"f:42:10:42:22":2,"b:43:12:43:Infinity:undefined:undefined:undefined:undefined":2,"s:43:12:43:Infinity":2,"s:43:39:43:Infinity":3,"b:44:12:44:Infinity:undefined:undefined:undefined:undefined":3,"s:44:12:44:Infinity":4,"s:44:37:44:Infinity":5,"b:52:15:52:Infinity:53:16:55:Infinity":4,"b:60:15:60:Infinity:61:16:74:Infinity":5,"f:65:20:65:30":3,"s:66:22:66:Infinity":6,"s:67:22:67:Infinity":7,"b:74:15:74:Infinity:75:16:85:Infinity":6,"f:79:20:79:30":4,"s:80:22:80:Infinity":8,"s:81:22:81:Infinity":9,"b:93:23:93:49:93:49:93:Infinity":7,"b:107:7:107:Infinity:108:8:173:Infinity":8,"b:113:11:113:Infinity:114:12:146:Infinity":9,"b:151:13:151:Infinity:152:14:164:13":10,"f:153:16:153:26":5,"s:154:18:154:Infinity":10,"s:155:18:155:Infinity":11,"b:158:149:158:226:158:226:158:Infinity":11,"f:165:14:165:24":6,"s:166:16:166:Infinity":12,"s:167:16:167:Infinity":13,"b:170:142:170:219:170:219:170:Infinity":12}}}
,"/Users/nicktoye/Dev/frontend-refresh-tool/src/components/TopicModal/TopicModal.tsx": {"path":"/Users/nicktoye/Dev/frontend-refresh-tool/src/components/TopicModal/TopicModal.tsx","statementMap":{"0":{"start":{"line":21,"column":20},"end":{"line":21,"column":51}},"1":{"start":{"line":23,"column":2},"end":{"line":29,"column":null}},"2":{"start":{"line":24,"column":15},"end":{"line":26,"column":null}},"3":{"start":{"line":25,"column":6},"end":{"line":25,"column":null}},"4":{"start":{"line":28,"column":4},"end":{"line":28,"column":null}},"5":{"start":{"line":28,"column":17},"end":{"line":28,"column":41}},"6":{"start":{"line":31,"column":2},"end":{"line":35,"column":null}},"7":{"start":{"line":32,"column":4},"end":{"line":33,"column":null}},"8":{"start":{"line":33,"column":6},"end":{"line":33,"column":null}},"9":{"start":{"line":37,"column":22},"end":{"line":37,"column":null}},"10":{"start":{"line":39,"column":26},"end":{"line":41,"column":null}},"11":{"start":{"line":40,"column":14},"end":{"line":40,"column":null}},"12":{"start":{"line":43,"column":19},"end":{"line":45,"column":null}},"13":{"start":{"line":47,"column":21},"end":{"line":47,"column":null}},"14":{"start":{"line":49,"column":2},"end":{"line":127,"column":null}},"15":{"start":{"line":56,"column":24},"end":{"line":56,"column":43}},"16":{"start":{"line":94,"column":27},"end":{"line":94,"column":null}},"17":{"start":{"line":95,"column":18},"end":{"line":95,"column":75}},"18":{"start":{"line":96,"column":30},"end":{"line":96,"column":null}},"19":{"start":{"line":97,"column":30},"end":{"line":97,"column":null}},"20":{"start":{"line":98,"column":18},"end":{"line":98,"column":70}},"21":{"start":{"line":100,"column":12},"end":{"line":122,"column":null}},"22":{"start":{"line":110,"column":36},"end":{"line":110,"column":75}},"23":{"start":{"line":115,"column":31},"end":{"line":115,"column":null}},"24":{"start":{"line":116,"column":18},"end":{"line":116,"column":null}},"25":{"start":{"line":116,"column":28},"end":{"line":116,"column":null}},"26":{"start":{"line":119,"column":31},"end":{"line":119,"column":null}},"27":{"start":{"line":120,"column":18},"end":{"line":120,"column":null}},"28":{"start":{"line":120,"column":28},"end":{"line":120,"column":null}}},"fnMap":{"0":{"name":"TopicModal","decl":{"start":{"line":8,"column":16},"end":{"line":8,"column":27}},"loc":{"start":{"line":20,"column":20},"end":{"line":127,"column":null}},"line":20},"1":{"name":"(anonymous_1)","decl":{"start":{"line":23,"column":2},"end":{"line":23,"column":18}},"loc":{"start":{"line":23,"column":18},"end":{"line":29,"column":7}},"line":23},"2":{"name":"(anonymous_2)","decl":{"start":{"line":24,"column":15},"end":{"line":24,"column":43}},"loc":{"start":{"line":24,"column":43},"end":{"line":26,"column":null}},"line":24},"3":{"name":"(anonymous_3)","decl":{"start":{"line":28,"column":4},"end":{"line":28,"column":17}},"loc":{"start":{"line":28,"column":17},"end":{"line":28,"column":41}},"line":28},"4":{"name":"(anonymous_4)","decl":{"start":{"line":31,"column":2},"end":{"line":31,"column":18}},"loc":{"start":{"line":31,"column":18},"end":{"line":35,"column":6}},"line":31},"5":{"name":"(anonymous_5)","decl":{"start":{"line":39,"column":40},"end":{"line":39,"column":null}},"loc":{"start":{"line":40,"column":14},"end":{"line":40,"column":null}},"line":40},"6":{"name":"(anonymous_6)","decl":{"start":{"line":56,"column":8},"end":{"line":56,"column":18}},"loc":{"start":{"line":56,"column":24},"end":{"line":56,"column":43}},"line":56},"7":{"name":"(anonymous_7)","decl":{"start":{"line":93,"column":25},"end":{"line":93,"column":30}},"loc":{"start":{"line":93,"column":46},"end":{"line":122,"column":null}},"line":93},"8":{"name":"(anonymous_8)","decl":{"start":{"line":110,"column":16},"end":{"line":110,"column":36}},"loc":{"start":{"line":110,"column":36},"end":{"line":110,"column":75}},"line":110},"9":{"name":"(anonymous_9)","decl":{"start":{"line":114,"column":16},"end":{"line":114,"column":35}},"loc":{"start":{"line":114,"column":35},"end":{"line":116,"column":null}},"line":114},"10":{"name":"(anonymous_10)","decl":{"start":{"line":118,"column":16},"end":{"line":118,"column":33}},"loc":{"start":{"line":118,"column":33},"end":{"line":120,"column":null}},"line":118}},"branchMap":{"0":{"loc":{"start":{"line":32,"column":4},"end":{"line":33,"column":null}},"type":"if","locations":[{"start":{"line":32,"column":4},"end":{"line":33,"column":null}},{"start":{},"end":{}}],"line":32},"1":{"loc":{"start":{"line":43,"column":19},"end":{"line":45,"column":null}},"type":"cond-expr","locations":[{"start":{"line":44,"column":6},"end":{"line":44,"column":55}},{"start":{"line":45,"column":6},"end":{"line":45,"column":null}}],"line":43},"2":{"loc":{"start":{"line":47,"column":21},"end":{"line":47,"column":null}},"type":"binary-expr","locations":[{"start":{"line":47,"column":21},"end":{"line":47,"column":40}},{"start":{"line":47,"column":40},"end":{"line":47,"column":null}}],"line":47},"3":{"loc":{"start":{"line":55,"column":93},"end":{"line":55,"column":null}},"type":"cond-expr","locations":[{"start":{"line":55,"column":105},"end":{"line":55,"column":131}},{"start":{"line":55,"column":131},"end":{"line":55,"column":null}}],"line":55},"4":{"loc":{"start":{"line":79,"column":16},"end":{"line":79,"column":null}},"type":"cond-expr","locations":[{"start":{"line":79,"column":29},"end":{"line":79,"column":48}},{"start":{"line":79,"column":48},"end":{"line":79,"column":null}}],"line":79},"5":{"loc":{"start":{"line":86,"column":9},"end":{"line":89,"column":null}},"type":"binary-expr","locations":[{"start":{"line":86,"column":9},"end":{"line":86,"column":null}},{"start":{"line":87,"column":10},"end":{"line":89,"column":null}}],"line":86},"6":{"loc":{"start":{"line":110,"column":49},"end":{"line":110,"column":75}},"type":"cond-expr","locations":[{"start":{"line":110,"column":58},"end":{"line":110,"column":65}},{"start":{"line":110,"column":65},"end":{"line":110,"column":75}}],"line":110},"7":{"loc":{"start":{"line":116,"column":18},"end":{"line":116,"column":null}},"type":"if","locations":[{"start":{"line":116,"column":18},"end":{"line":116,"column":null}},{"start":{},"end":{}}],"line":116},"8":{"loc":{"start":{"line":120,"column":18},"end":{"line":120,"column":null}},"type":"if","locations":[{"start":{"line":120,"column":18},"end":{"line":120,"column":null}},{"start":{},"end":{}}],"line":120}},"s":{"0":0,"1":0,"2":0,"3":0,"4":0,"5":0,"6":0,"7":0,"8":0,"9":0,"10":0,"11":0,"12":0,"13":0,"14":0,"15":0,"16":0,"17":0,"18":0,"19":0,"20":0,"21":0,"22":0,"23":0,"24":0,"25":0,"26":0,"27":0,"28":0},"f":{"0":0,"1":0,"2":0,"3":0,"4":0,"5":0,"6":0,"7":0,"8":0,"9":0,"10":0},"b":{"0":[0,0],"1":[0,0],"2":[0,0],"3":[0,0],"4":[0,0],"5":[0,0],"6":[0,0],"7":[0,0],"8":[0,0]},"meta":{"lastBranch":9,"lastFunction":11,"lastStatement":29,"seen":{"f:8:16:8:27":0,"s:21:20:21:51":0,"s:23:2:29:Infinity":1,"f:23:2:23:18":1,"s:24:15:26:Infinity":2,"f:24:15:24:43":2,"s:25:6:25:Infinity":3,"s:28:4:28:Infinity":4,"f:28:4:28:17":3,"s:28:17:28:41":5,"s:31:2:35:Infinity":6,"f:31:2:31:18":4,"b:32:4:33:Infinity:undefined:undefined:undefined:undefined":0,"s:32:4:33:Infinity":7,"s:33:6:33:Infinity":8,"s:37:22:37:Infinity":9,"s:39:26:41:Infinity":10,"f:39:40:39:Infinity":5,"s:40:14:40:Infinity":11,"s:43:19:45:Infinity":12,"b:44:6:44:55:45:6:45:Infinity":1,"s:47:21:47:Infinity":13,"b:47:21:47:40:47:40:47:Infinity":2,"s:49:2:127:Infinity":14,"b:55:105:55:131:55:131:55:Infinity":3,"f:56:8:56:18":6,"s:56:24:56:43":15,"b:79:29:79:48:79:48:79:Infinity":4,"b:86:9:86:Infinity:87:10:89:Infinity":5,"f:93:25:93:30":7,"s:94:27:94:Infinity":16,"s:95:18:95:75":17,"s:96:30:96:Infinity":18,"s:97:30:97:Infinity":19,"s:98:18:98:70":20,"s:100:12:122:Infinity":21,"f:110:16:110:36":8,"s:110:36:110:75":22,"b:110:58:110:65:110:65:110:75":6,"f:114:16:114:35":9,"s:115:31:115:Infinity":23,"b:116:18:116:Infinity:undefined:undefined:undefined:undefined":7,"s:116:18:116:Infinity":24,"s:116:28:116:Infinity":25,"f:118:16:118:33":10,"s:119:31:119:Infinity":26,"b:120:18:120:Infinity:undefined:undefined:undefined:undefined":8,"s:120:18:120:Infinity":27,"s:120:28:120:Infinity":28}}}
,"/Users/nicktoye/Dev/frontend-refresh-tool/src/components/shared/Badge/Badge.tsx": {"path":"/Users/nicktoye/Dev/frontend-refresh-tool/src/components/shared/Badge/Badge.tsx","statementMap":{"0":{"start":{"line":5,"column":4},"end":{"line":5,"column":null}},"1":{"start":{"line":6,"column":20},"end":{"line":9,"column":null}},"2":{"start":{"line":10,"column":24},"end":{"line":10,"column":null}},"3":{"start":{"line":11,"column":2},"end":{"line":12,"column":null}}},"fnMap":{"0":{"name":"Badge","decl":{"start":{"line":3,"column":16},"end":{"line":3,"column":22}},"loc":{"start":{"line":3,"column":72},"end":{"line":12,"column":null}},"line":3}},"branchMap":{"0":{"loc":{"start":{"line":3,"column":35},"end":{"line":3,"column":72}},"type":"default-arg","locations":[{"start":{"line":3,"column":48},"end":{"line":3,"column":72}}],"line":3}},"s":{"0":0,"1":0,"2":0,"3":0},"f":{"0":0},"b":{"0":[0]},"meta":{"lastBranch":1,"lastFunction":1,"lastStatement":4,"seen":{"f:3:16:3:22":0,"b:3:48:3:72":0,"s:5:4:5:Infinity":0,"s:6:20:9:Infinity":1,"s:10:24:10:Infinity":2,"s:11:2:12:Infinity":3}}}
,"/Users/nicktoye/Dev/frontend-refresh-tool/src/components/shared/Button/Button.tsx": {"path":"/Users/nicktoye/Dev/frontend-refresh-tool/src/components/shared/Button/Button.tsx","statementMap":{"0":{"start":{"line":9,"column":22},"end":{"line":9,"column":null}},"1":{"start":{"line":10,"column":20},"end":{"line":17,"column":null}},"2":{"start":{"line":18,"column":24},"end":{"line":18,"column":null}},"3":{"start":{"line":19,"column":2},"end":{"line":26,"column":null}}},"fnMap":{"0":{"name":"Button","decl":{"start":{"line":2,"column":16},"end":{"line":2,"column":23}},"loc":{"start":{"line":8,"column":16},"end":{"line":26,"column":null}},"line":8}},"branchMap":{"0":{"loc":{"start":{"line":5,"column":2},"end":{"line":5,"column":null}},"type":"default-arg","locations":[{"start":{"line":5,"column":16},"end":{"line":5,"column":null}}],"line":5},"1":{"loc":{"start":{"line":21,"column":7},"end":{"line":26,"column":null}},"type":"binary-expr","locations":[{"start":{"line":21,"column":7},"end":{"line":21,"column":null}},{"start":{"line":22,"column":8},"end":{"line":26,"column":null}}],"line":21}},"s":{"0":53,"1":53,"2":53,"3":53},"f":{"0":53},"b":{"0":[53],"1":[53,34]},"meta":{"lastBranch":2,"lastFunction":1,"lastStatement":4,"seen":{"f:2:16:2:23":0,"b:5:16:5:Infinity":0,"s:9:22:9:Infinity":0,"s:10:20:17:Infinity":1,"s:18:24:18:Infinity":2,"s:19:2:26:Infinity":3,"b:21:7:21:Infinity:22:8:26:Infinity":1}}}
,"/Users/nicktoye/Dev/frontend-refresh-tool/src/components/shared/Toast/Toast.tsx": {"path":"/Users/nicktoye/Dev/frontend-refresh-tool/src/components/shared/Toast/Toast.tsx","statementMap":{"0":{"start":{"line":14,"column":20},"end":{"line":14,"column":51}},"1":{"start":{"line":15,"column":20},"end":{"line":15,"column":50}},"2":{"start":{"line":16,"column":8},"end":{"line":16,"column":53}},"3":{"start":{"line":17,"column":8},"end":{"line":17,"column":54}},"4":{"start":{"line":18,"column":22},"end":{"line":18,"column":null}},"5":{"start":{"line":19,"column":20},"end":{"line":24,"column":null}},"6":{"start":{"line":25,"column":28},"end":{"line":30,"column":null}},"7":{"start":{"line":31,"column":24},"end":{"line":31,"column":null}},"8":{"start":{"line":32,"column":20},"end":{"line":37,"column":null}},"9":{"start":{"line":39,"column":8},"end":{"line":50,"column":17}},"10":{"start":{"line":40,"column":4},"end":{"line":49,"column":null}},"11":{"start":{"line":41,"column":6},"end":{"line":41,"column":null}},"12":{"start":{"line":41,"column":16},"end":{"line":41,"column":null}},"13":{"start":{"line":43,"column":6},"end":{"line":46,"column":null}},"14":{"start":{"line":44,"column":8},"end":{"line":44,"column":null}},"15":{"start":{"line":45,"column":8},"end":{"line":45,"column":null}},"16":{"start":{"line":48,"column":6},"end":{"line":48,"column":null}},"17":{"start":{"line":53,"column":4},"end":{"line":53,"column":null}},"18":{"start":{"line":56,"column":2},"end":{"line":66,"column":null}},"19":{"start":{"line":57,"column":4},"end":{"line":59,"column":null}},"20":{"start":{"line":58,"column":6},"end":{"line":58,"column":null}},"21":{"start":{"line":61,"column":4},"end":{"line":64,"column":null}},"22":{"start":{"line":62,"column":6},"end":{"line":62,"column":null}},"23":{"start":{"line":62,"column":35},"end":{"line":62,"column":null}},"24":{"start":{"line":63,"column":6},"end":{"line":64,"column":null}},"25":{"start":{"line":64,"column":8},"end":{"line":64,"column":null}},"26":{"start":{"line":68,"column":2},"end":{"line":68,"column":null}},"27":{"start":{"line":68,"column":18},"end":{"line":68,"column":null}},"28":{"start":{"line":69,"column":2},"end":{"line":103,"column":null}}},"fnMap":{"0":{"name":"Toast","decl":{"start":{"line":5,"column":16},"end":{"line":5,"column":22}},"loc":{"start":{"line":13,"column":15},"end":{"line":103,"column":null}},"line":13},"1":{"name":"(anonymous_1)","decl":{"start":{"line":39,"column":23},"end":{"line":39,"column":41}},"loc":{"start":{"line":39,"column":41},"end":{"line":50,"column":6}},"line":39},"2":{"name":"(anonymous_2)","decl":{"start":{"line":40,"column":4},"end":{"line":40,"column":18}},"loc":{"start":{"line":40,"column":27},"end":{"line":49,"column":null}},"line":40},"3":{"name":"(anonymous_3)","decl":{"start":{"line":43,"column":40},"end":{"line":43,"column":57}},"loc":{"start":{"line":43,"column":57},"end":{"line":46,"column":13}},"line":43},"4":{"name":"dismissToast","decl":{"start":{"line":52,"column":11},"end":{"line":52,"column":26}},"loc":{"start":{"line":52,"column":26},"end":{"line":53,"column":null}},"line":52},"5":{"name":"(anonymous_5)","decl":{"start":{"line":56,"column":2},"end":{"line":56,"column":18}},"loc":{"start":{"line":56,"column":18},"end":{"line":66,"column":6}},"line":56},"6":{"name":"(anonymous_6)","decl":{"start":{"line":57,"column":37},"end":{"line":57,"column":54}},"loc":{"start":{"line":57,"column":54},"end":{"line":59,"column":16}},"line":57},"7":{"name":"(anonymous_7)","decl":{"start":{"line":61,"column":4},"end":{"line":61,"column":17}},"loc":{"start":{"line":61,"column":17},"end":{"line":64,"column":null}},"line":61}},"branchMap":{"0":{"loc":{"start":{"line":8,"column":2},"end":{"line":8,"column":null}},"type":"default-arg","locations":[{"start":{"line":8,"column":15},"end":{"line":8,"column":null}}],"line":8},"1":{"loc":{"start":{"line":10,"column":2},"end":{"line":10,"column":null}},"type":"default-arg","locations":[{"start":{"line":10,"column":22},"end":{"line":10,"column":null}}],"line":10},"2":{"loc":{"start":{"line":11,"column":2},"end":{"line":11,"column":null}},"type":"default-arg","locations":[{"start":{"line":11,"column":13},"end":{"line":11,"column":null}}],"line":11},"3":{"loc":{"start":{"line":18,"column":116},"end":{"line":18,"column":null}},"type":"binary-expr","locations":[{"start":{"line":18,"column":116},"end":{"line":18,"column":132}},{"start":{"line":18,"column":132},"end":{"line":18,"column":null}}],"line":18},"4":{"loc":{"start":{"line":41,"column":6},"end":{"line":41,"column":null}},"type":"if","locations":[{"start":{"line":41,"column":6},"end":{"line":41,"column":null}},{"start":{},"end":{}}],"line":41},"5":{"loc":{"start":{"line":62,"column":6},"end":{"line":62,"column":null}},"type":"if","locations":[{"start":{"line":62,"column":6},"end":{"line":62,"column":null}},{"start":{},"end":{}}],"line":62},"6":{"loc":{"start":{"line":63,"column":6},"end":{"line":64,"column":null}},"type":"if","locations":[{"start":{"line":63,"column":6},"end":{"line":64,"column":null}},{"start":{},"end":{}}],"line":63},"7":{"loc":{"start":{"line":68,"column":2},"end":{"line":68,"column":null}},"type":"if","locations":[{"start":{"line":68,"column":2},"end":{"line":68,"column":null}},{"start":{},"end":{}}],"line":68},"8":{"loc":{"start":{"line":71,"column":52},"end":{"line":71,"column":null}},"type":"cond-expr","locations":[{"start":{"line":71,"column":64},"end":{"line":71,"column":92}},{"start":{"line":71,"column":92},"end":{"line":71,"column":null}}],"line":71},"9":{"loc":{"start":{"line":75,"column":11},"end":{"line":80,"column":11}},"type":"binary-expr","locations":[{"start":{"line":75,"column":11},"end":{"line":75,"column":null}},{"start":{"line":76,"column":12},"end":{"line":80,"column":11}}],"line":75},"10":{"loc":{"start":{"line":94,"column":7},"end":{"line":103,"column":null}},"type":"binary-expr","locations":[{"start":{"line":94,"column":7},"end":{"line":94,"column":null}},{"start":{"line":95,"column":8},"end":{"line":103,"column":null}}],"line":94}},"s":{"0":0,"1":0,"2":0,"3":0,"4":0,"5":0,"6":0,"7":0,"8":0,"9":0,"10":0,"11":0,"12":0,"13":0,"14":0,"15":0,"16":0,"17":0,"18":0,"19":0,"20":0,"21":0,"22":0,"23":0,"24":0,"25":0,"26":0,"27":0,"28":0},"f":{"0":0,"1":0,"2":0,"3":0,"4":0,"5":0,"6":0,"7":0},"b":{"0":[0],"1":[0],"2":[0],"3":[0,0],"4":[0,0],"5":[0,0],"6":[0,0],"7":[0,0],"8":[0,0],"9":[0,0],"10":[0,0]},"meta":{"lastBranch":11,"lastFunction":8,"lastStatement":29,"seen":{"f:5:16:5:22":0,"b:8:15:8:Infinity":0,"b:10:22:10:Infinity":1,"b:11:13:11:Infinity":2,"s:14:20:14:51":0,"s:15:20:15:50":1,"s:16:8:16:53":2,"s:17:8:17:54":3,"s:18:22:18:Infinity":4,"b:18:116:18:132:18:132:18:Infinity":3,"s:19:20:24:Infinity":5,"s:25:28:30:Infinity":6,"s:31:24:31:Infinity":7,"s:32:20:37:Infinity":8,"s:39:8:50:17":9,"f:39:23:39:41":1,"s:40:4:49:Infinity":10,"f:40:4:40:18":2,"b:41:6:41:Infinity:undefined:undefined:undefined:undefined":4,"s:41:6:41:Infinity":11,"s:41:16:41:Infinity":12,"s:43:6:46:Infinity":13,"f:43:40:43:57":3,"s:44:8:44:Infinity":14,"s:45:8:45:Infinity":15,"s:48:6:48:Infinity":16,"f:52:11:52:26":4,"s:53:4:53:Infinity":17,"s:56:2:66:Infinity":18,"f:56:2:56:18":5,"s:57:4:59:Infinity":19,"f:57:37:57:54":6,"s:58:6:58:Infinity":20,"s:61:4:64:Infinity":21,"f:61:4:61:17":7,"b:62:6:62:Infinity:undefined:undefined:undefined:undefined":5,"s:62:6:62:Infinity":22,"s:62:35:62:Infinity":23,"b:63:6:64:Infinity:undefined:undefined:undefined:undefined":6,"s:63:6:64:Infinity":24,"s:64:8:64:Infinity":25,"b:68:2:68:Infinity:undefined:undefined:undefined:undefined":7,"s:68:2:68:Infinity":26,"s:68:18:68:Infinity":27,"s:69:2:103:Infinity":28,"b:71:64:71:92:71:92:71:Infinity":8,"b:75:11:75:Infinity:76:12:80:11":9,"b:94:7:94:Infinity:95:8:103:Infinity":10}}}
,"/Users/nicktoye/Dev/frontend-refresh-tool/src/constants/storage.ts": {"path":"/Users/nicktoye/Dev/frontend-refresh-tool/src/constants/storage.ts","statementMap":{"0":{"start":{"line":1,"column":27},"end":{"line":1,"column":36}},"1":{"start":{"line":2,"column":35},"end":{"line":2,"column":44}},"2":{"start":{"line":3,"column":41},"end":{"line":3,"column":52}},"3":{"start":{"line":4,"column":43},"end":{"line":4,"column":54}}},"fnMap":{},"branchMap":{},"s":{"0":0,"1":0,"2":0,"3":0},"f":{},"b":{},"meta":{"lastBranch":0,"lastFunction":0,"lastStatement":4,"seen":{"s:1:27:1:36":0,"s:2:35:2:44":1,"s:3:41:3:52":2,"s:4:43:4:54":3}}}
,"/Users/nicktoye/Dev/frontend-refresh-tool/src/data/accessibilitySections.ts": {"path":"/Users/nicktoye/Dev/frontend-refresh-tool/src/data/accessibilitySections.ts","statementMap":{"0":{"start":{"line":3,"column":35},"end":{"line":648,"column":null}}},"fnMap":{},"branchMap":{},"s":{"0":3},"f":{},"b":{},"meta":{"lastBranch":0,"lastFunction":0,"lastStatement":1,"seen":{"s:3:35:648:Infinity":0}}}
,"/Users/nicktoye/Dev/frontend-refresh-tool/src/data/browserAPIsSections.ts": {"path":"/Users/nicktoye/Dev/frontend-refresh-tool/src/data/browserAPIsSections.ts","statementMap":{"0":{"start":{"line":3,"column":35},"end":{"line":412,"column":null}}},"fnMap":{},"branchMap":{},"s":{"0":3},"f":{},"b":{},"meta":{"lastBranch":0,"lastFunction":0,"lastStatement":1,"seen":{"s:3:35:412:Infinity":0}}}
,"/Users/nicktoye/Dev/frontend-refresh-tool/src/data/cssSections.ts": {"path":"/Users/nicktoye/Dev/frontend-refresh-tool/src/data/cssSections.ts","statementMap":{"0":{"start":{"line":3,"column":35},"end":{"line":790,"column":null}}},"fnMap":{},"branchMap":{},"s":{"0":3},"f":{},"b":{},"meta":{"lastBranch":0,"lastFunction":0,"lastStatement":1,"seen":{"s:3:35:790:Infinity":0}}}
,"/Users/nicktoye/Dev/frontend-refresh-tool/src/data/htmlSections.ts": {"path":"/Users/nicktoye/Dev/frontend-refresh-tool/src/data/htmlSections.ts","statementMap":{"0":{"start":{"line":3,"column":35},"end":{"line":314,"column":null}}},"fnMap":{},"branchMap":{},"s":{"0":3},"f":{},"b":{},"meta":{"lastBranch":0,"lastFunction":0,"lastStatement":1,"seen":{"s:3:35:314:Infinity":0}}}
,"/Users/nicktoye/Dev/frontend-refresh-tool/src/data/javascriptSections.ts": {"path":"/Users/nicktoye/Dev/frontend-refresh-tool/src/data/javascriptSections.ts","statementMap":{"0":{"start":{"line":3,"column":35},"end":{"line":920,"column":null}}},"fnMap":{},"branchMap":{},"s":{"0":3},"f":{},"b":{},"meta":{"lastBranch":0,"lastFunction":0,"lastStatement":1,"seen":{"s:3:35:920:Infinity":0}}}
,"/Users/nicktoye/Dev/frontend-refresh-tool/src/data/nodeSections.ts": {"path":"/Users/nicktoye/Dev/frontend-refresh-tool/src/data/nodeSections.ts","statementMap":{"0":{"start":{"line":3,"column":35},"end":{"line":1354,"column":null}}},"fnMap":{},"branchMap":{},"s":{"0":3},"f":{},"b":{},"meta":{"lastBranch":0,"lastFunction":0,"lastStatement":1,"seen":{"s:3:35:1354:Infinity":0}}}
,"/Users/nicktoye/Dev/frontend-refresh-tool/src/data/reactSections.ts": {"path":"/Users/nicktoye/Dev/frontend-refresh-tool/src/data/reactSections.ts","statementMap":{"0":{"start":{"line":3,"column":35},"end":{"line":1053,"column":null}}},"fnMap":{},"branchMap":{},"s":{"0":3},"f":{},"b":{},"meta":{"lastBranch":0,"lastFunction":0,"lastStatement":1,"seen":{"s:3:35:1053:Infinity":0}}}
,"/Users/nicktoye/Dev/frontend-refresh-tool/src/data/subjects.ts": {"path":"/Users/nicktoye/Dev/frontend-refresh-tool/src/data/subjects.ts","statementMap":{"0":{"start":{"line":15,"column":27},"end":{"line":66,"column":null}}},"fnMap":{},"branchMap":{},"s":{"0":3},"f":{},"b":{},"meta":{"lastBranch":0,"lastFunction":0,"lastStatement":1,"seen":{"s:15:27:66:Infinity":0}}}
,"/Users/nicktoye/Dev/frontend-refresh-tool/src/data/testingSections.ts": {"path":"/Users/nicktoye/Dev/frontend-refresh-tool/src/data/testingSections.ts","statementMap":{"0":{"start":{"line":3,"column":35},"end":{"line":985,"column":null}}},"fnMap":{},"branchMap":{},"s":{"0":3},"f":{},"b":{},"meta":{"lastBranch":0,"lastFunction":0,"lastStatement":1,"seen":{"s:3:35:985:Infinity":0}}}
,"/Users/nicktoye/Dev/frontend-refresh-tool/src/data/typescriptSections.ts": {"path":"/Users/nicktoye/Dev/frontend-refresh-tool/src/data/typescriptSections.ts","statementMap":{"0":{"start":{"line":3,"column":35},"end":{"line":816,"column":null}}},"fnMap":{},"branchMap":{},"s":{"0":3},"f":{},"b":{},"meta":{"lastBranch":0,"lastFunction":0,"lastStatement":1,"seen":{"s:3:35:816:Infinity":0}}}
,"/Users/nicktoye/Dev/frontend-refresh-tool/src/data/webperformanceSections.ts": {"path":"/Users/nicktoye/Dev/frontend-refresh-tool/src/data/webperformanceSections.ts","statementMap":{"0":{"start":{"line":3,"column":35},"end":{"line":378,"column":null}}},"fnMap":{},"branchMap":{},"s":{"0":3},"f":{},"b":{},"meta":{"lastBranch":0,"lastFunction":0,"lastStatement":1,"seen":{"s:3:35:378:Infinity":0}}}
,"/Users/nicktoye/Dev/frontend-refresh-tool/src/hooks/useLearningProgress.ts": {"path":"/Users/nicktoye/Dev/frontend-refresh-tool/src/hooks/useLearningProgress.ts","statementMap":{"0":{"start":{"line":14,"column":24},"end":{"line":16,"column":null}},"1":{"start":{"line":19,"column":24},"end":{"line":21,"column":28}},"2":{"start":{"line":23,"column":29},"end":{"line":25,"column":34}},"3":{"start":{"line":27,"column":26},"end":{"line":29,"column":36}},"4":{"start":{"line":31,"column":8},"end":{"line":53,"column":null}},"5":{"start":{"line":36,"column":10},"end":{"line":36,"column":61}},"6":{"start":{"line":38,"column":4},"end":{"line":53,"column":null}},"7":{"start":{"line":39,"column":27},"end":{"line":39,"column":null}},"8":{"start":{"line":41,"column":6},"end":{"line":46,"column":null}},"9":{"start":{"line":42,"column":8},"end":{"line":46,"column":null}},"10":{"start":{"line":43,"column":23},"end":{"line":43,"column":33}},"11":{"start":{"line":44,"column":10},"end":{"line":44,"column":null}},"12":{"start":{"line":45,"column":10},"end":{"line":45,"column":null}},"13":{"start":{"line":49,"column":6},"end":{"line":52,"column":null}},"14":{"start":{"line":56,"column":8},"end":{"line":66,"column":null}},"15":{"start":{"line":61,"column":10},"end":{"line":61,"column":61}},"16":{"start":{"line":63,"column":4},"end":{"line":66,"column":null}},"17":{"start":{"line":63,"column":32},"end":{"line":66,"column":7}},"18":{"start":{"line":69,"column":8},"end":{"line":79,"column":null}},"19":{"start":{"line":74,"column":10},"end":{"line":74,"column":61}},"20":{"start":{"line":76,"column":4},"end":{"line":79,"column":null}},"21":{"start":{"line":76,"column":37},"end":{"line":79,"column":7}},"22":{"start":{"line":82,"column":8},"end":{"line":84,"column":null}},"23":{"start":{"line":83,"column":16},"end":{"line":83,"column":null}},"24":{"start":{"line":84,"column":4},"end":{"line":84,"column":null}},"25":{"start":{"line":87,"column":8},"end":{"line":98,"column":null}},"26":{"start":{"line":88,"column":27},"end":{"line":89,"column":null}},"27":{"start":{"line":89,"column":6},"end":{"line":89,"column":36}},"28":{"start":{"line":92,"column":4},"end":{"line":92,"column":null}},"29":{"start":{"line":92,"column":37},"end":{"line":92,"column":null}},"30":{"start":{"line":94,"column":19},"end":{"line":94,"column":59}},"31":{"start":{"line":94,"column":53},"end":{"line":94,"column":59}},"32":{"start":{"line":96,"column":6},"end":{"line":96,"column":null}},"33":{"start":{"line":96,"column":36},"end":{"line":96,"column":49}},"34":{"start":{"line":98,"column":4},"end":{"line":98,"column":null}},"35":{"start":{"line":101,"column":8},"end":{"line":118,"column":null}},"36":{"start":{"line":106,"column":16},"end":{"line":106,"column":null}},"37":{"start":{"line":108,"column":4},"end":{"line":108,"column":null}},"38":{"start":{"line":110,"column":4},"end":{"line":118,"column":null}},"39":{"start":{"line":111,"column":19},"end":{"line":114,"column":null}},"40":{"start":{"line":116,"column":6},"end":{"line":116,"column":null}},"41":{"start":{"line":117,"column":6},"end":{"line":117,"column":null}},"42":{"start":{"line":121,"column":8},"end":{"line":132,"column":null}},"43":{"start":{"line":122,"column":4},"end":{"line":126,"column":null}},"44":{"start":{"line":123,"column":6},"end":{"line":124,"column":null}},"45":{"start":{"line":124,"column":47},"end":{"line":124,"column":78}},"46":{"start":{"line":128,"column":4},"end":{"line":132,"column":null}},"47":{"start":{"line":129,"column":6},"end":{"line":130,"column":null}},"48":{"start":{"line":130,"column":47},"end":{"line":130,"column":78}},"49":{"start":{"line":135,"column":8},"end":{"line":145,"column":null}},"50":{"start":{"line":136,"column":4},"end":{"line":145,"column":null}},"51":{"start":{"line":137,"column":6},"end":{"line":137,"column":null}},"52":{"start":{"line":139,"column":19},"end":{"line":140,"column":null}},"53":{"start":{"line":140,"column":47},"end":{"line":140,"column":78}},"54":{"start":{"line":143,"column":6},"end":{"line":143,"column":null}},"55":{"start":{"line":144,"column":6},"end":{"line":144,"column":null}},"56":{"start":{"line":148,"column":8},"end":{"line":153,"column":null}},"57":{"start":{"line":152,"column":4},"end":{"line":153,"column":null}},"58":{"start":{"line":153,"column":46},"end":{"line":153,"column":77}},"59":{"start":{"line":156,"column":8},"end":{"line":160,"column":null}},"60":{"start":{"line":157,"column":4},"end":{"line":157,"column":null}},"61":{"start":{"line":157,"column":31},"end":{"line":157,"column":66}},"62":{"start":{"line":158,"column":4},"end":{"line":158,"column":null}},"63":{"start":{"line":158,"column":31},"end":{"line":158,"column":66}},"64":{"start":{"line":159,"column":4},"end":{"line":159,"column":null}},"65":{"start":{"line":159,"column":36},"end":{"line":159,"column":71}},"66":{"start":{"line":160,"column":4},"end":{"line":160,"column":null}},"67":{"start":{"line":160,"column":33},"end":{"line":160,"column":68}},"68":{"start":{"line":163,"column":2},"end":{"line":177,"column":n
[...]
,"/Users/nicktoye/Dev/frontend-refresh-tool/src/hooks/useToasts.ts": {"path":"/Users/nicktoye/Dev/frontend-refresh-tool/src/hooks/useToasts.ts","statementMap":{"0":{"start":{"line":8,"column":17},"end":{"line":8,"column":55}},"1":{"start":{"line":11,"column":4},"end":{"line":17,"column":null}},"2":{"start":{"line":11,"column":24},"end":{"line":16,"column":null}},"3":{"start":{"line":21,"column":4},"end":{"line":21,"column":null}},"4":{"start":{"line":21,"column":24},"end":{"line":21,"column":63}},"5":{"start":{"line":21,"column":47},"end":{"line":21,"column":63}},"6":{"start":{"line":25,"column":4},"end":{"line":25,"column":null}},"7":{"start":{"line":28,"column":2},"end":{"line":33,"column":null}}},"fnMap":{"0":{"name":"useToasts","decl":{"start":{"line":7,"column":16},"end":{"line":7,"column":28}},"loc":{"start":{"line":7,"column":28},"end":{"line":33,"column":null}},"line":7},"1":{"name":"addToast","decl":{"start":{"line":10,"column":11},"end":{"line":10,"column":20}},"loc":{"start":{"line":10,"column":37},"end":{"line":17,"column":null}},"line":10},"2":{"name":"(anonymous_2)","decl":{"start":{"line":11,"column":4},"end":{"line":11,"column":15}},"loc":{"start":{"line":11,"column":24},"end":{"line":16,"column":null}},"line":11},"3":{"name":"removeToast","decl":{"start":{"line":20,"column":11},"end":{"line":20,"column":23}},"loc":{"start":{"line":20,"column":35},"end":{"line":21,"column":null}},"line":20},"4":{"name":"(anonymous_4)","decl":{"start":{"line":21,"column":4},"end":{"line":21,"column":15}},"loc":{"start":{"line":21,"column":24},"end":{"line":21,"column":63}},"line":21},"5":{"name":"(anonymous_5)","decl":{"start":{"line":21,"column":29},"end":{"line":21,"column":37}},"loc":{"start":{"line":21,"column":47},"end":{"line":21,"column":63}},"line":21},"6":{"name":"clearToasts","decl":{"start":{"line":24,"column":11},"end":{"line":24,"column":25}},"loc":{"start":{"line":24,"column":25},"end":{"line":25,"column":null}},"line":24}},"branchMap":{},"s":{"0":0,"1":0,"2":0,"3":0,"4":0,"5":0,"6":0,"7":0},"f":{"0":0,"1":0,"2":0,"3":0,"4":0,"5":0,"6":0},"b":{},"meta":{"lastBranch":0,"lastFunction":7,"lastStatement":8,"seen":{"f:7:16:7:28":0,"s:8:17:8:55":0,"f:10:11:10:20":1,"s:11:4:17:Infinity":1,"f:11:4:11:15":2,"s:11:24:16:Infinity":2,"f:20:11:20:23":3,"s:21:4:21:Infinity":3,"f:21:4:21:15":4,"s:21:24:21:63":4,"f:21:29:21:37":5,"s:21:47:21:63":5,"f:24:11:24:25":6,"s:25:4:25:Infinity":6,"s:28:2:33:Infinity":7}}}
,"/Users/nicktoye/Dev/frontend-refresh-tool/src/types/Progress.types.ts": {"path":"/Users/nicktoye/Dev/frontend-refresh-tool/src/types/Progress.types.ts","statementMap":{},"fnMap":{},"branchMap":{},"s":{},"f":{},"b":{},"meta":{"lastBranch":0,"lastFunction":0,"lastStatement":0,"seen":{}}}
,"/Users/nicktoye/Dev/frontend-refresh-tool/src/utils/filterSections.ts": {"path":"/Users/nicktoye/Dev/frontend-refresh-tool/src/utils/filterSections.ts","statementMap":{"0":{"start":{"line":23,"column":16},"end":{"line":23,"column":40}},"1":{"start":{"line":25,"column":2},"end":{"line":51,"column":null}},"2":{"start":{"line":27,"column":18},"end":{"line":27,"column":null}},"3":{"start":{"line":29,"column":6},"end":{"line":30,"column":null}},"4":{"start":{"line":30,"column":8},"end":{"line":30,"column":null}},"5":{"start":{"line":30,"column":39},"end":{"line":30,"column":54}},"6":{"start":{"line":32,"column":6},"end":{"line":36,"column":null}},"7":{"start":{"line":33,"column":8},"end":{"line":36,"column":null}},"8":{"start":{"line":35,"column":12},"end":{"line":35,"column":null}},"9":{"start":{"line":38,"column":6},"end":{"line":43,"column":null}},"10":{"start":{"line":39,"column":8},"end":{"line":43,"column":null}},"11":{"start":{"line":41,"column":12},"end":{"line":42,"column":54}},"12":{"start":{"line":46,"column":6},"end":{"line":49,"column":null}},"13":{"start":{"line":51,"column":25},"end":{"line":51,"column":50}}},"fnMap":{"0":{"name":"filterSections","decl":{"start":{"line":15,"column":16},"end":{"line":15,"column":31}},"loc":{"start":{"line":22,"column":34},"end":{"line":51,"column":null}},"line":22},"1":{"name":"(anonymous_1)","decl":{"start":{"line":26,"column":5},"end":{"line":26,"column":10}},"loc":{"start":{"line":26,"column":22},"end":{"line":50,"column":null}},"line":26},"2":{"name":"(anonymous_2)","decl":{"start":{"line":30,"column":22},"end":{"line":30,"column":30}},"loc":{"start":{"line":30,"column":39},"end":{"line":30,"column":54}},"line":30},"3":{"name":"(anonymous_3)","decl":{"start":{"line":33,"column":22},"end":{"line":33,"column":null}},"loc":{"start":{"line":35,"column":12},"end":{"line":35,"column":null}},"line":35},"4":{"name":"(anonymous_4)","decl":{"start":{"line":39,"column":22},"end":{"line":39,"column":null}},"loc":{"start":{"line":41,"column":12},"end":{"line":42,"column":54}},"line":41},"5":{"name":"(anonymous_5)","decl":{"start":{"line":51,"column":5},"end":{"line":51,"column":13}},"loc":{"start":{"line":51,"column":25},"end":{"line":51,"column":50}},"line":51}},"branchMap":{"0":{"loc":{"start":{"line":29,"column":6},"end":{"line":30,"column":null}},"type":"if","locations":[{"start":{"line":29,"column":6},"end":{"line":30,"column":null}},{"start":{},"end":{}}],"line":29},"1":{"loc":{"start":{"line":32,"column":6},"end":{"line":36,"column":null}},"type":"if","locations":[{"start":{"line":32,"column":6},"end":{"line":36,"column":null}},{"start":{},"end":{}}],"line":32},"2":{"loc":{"start":{"line":38,"column":6},"end":{"line":43,"column":null}},"type":"if","locations":[{"start":{"line":38,"column":6},"end":{"line":43,"column":null}},{"start":{},"end":{}}],"line":38},"3":{"loc":{"start":{"line":41,"column":12},"end":{"line":42,"column":54}},"type":"binary-expr","locations":[{"start":{"line":41,"column":12},"end":{"line":41,"column":51}},{"start":{"line":42,"column":12},"end":{"line":42,"column":54}}],"line":41}},"s":{"0":0,"1":0,"2":0,"3":0,"4":0,"5":0,"6":0,"7":0,"8":0,"9":0,"10":0,"11":0,"12":0,"13":0},"f":{"0":0,"1":0,"2":0,"3":0,"4":0,"5":0},"b":{"0":[0,0],"1":[0,0],"2":[0,0],"3":[0,0]},"meta":{"lastBranch":4,"lastFunction":6,"lastStatement":14,"seen":{"f:15:16:15:31":0,"s:23:16:23:40":0,"s:25:2:51:Infinity":1,"f:26:5:26:10":1,"s:27:18:27:Infinity":2,"b:29:6:30:Infinity:undefined:undefined:undefined:undefined":0,"s:29:6:30:Infinity":3,"s:30:8:30:Infinity":4,"f:30:22:30:30":2,"s:30:39:30:54":5,"b:32:6:36:Infinity:undefined:undefined:undefined:undefined":1,"s:32:6:36:Infinity":6,"s:33:8:36:Infinity":7,"f:33:22:33:Infinity":3,"s:35:12:35:Infinity":8,"b:38:6:43:Infinity:undefined:undefined:undefined:undefined":2,"s:38:6:43:Infinity":9,"s:39:8:43:Infinity":10,"f:39:22:39:Infinity":4,"s:41:12:42:54":11,"b:41:12:41:51:42:12:42:54":3,"s:46:6:49:Infinity":12,"f:51:5:51:13":5,"s:51:25:51:50":13}}}
,"/Users/nicktoye/Dev/frontend-refresh-tool/src/utils/getAvailableMockQuestions.ts": {"path":"/Users/nicktoye/Dev/frontend-refresh-tool/src/utils/getAvailableMockQuestions.ts","statementMap":{"0":{"start":{"line":9,"column":13},"end":{"line":25,"column":null}},"1":{"start":{"line":12,"column":30},"end":{"line":12,"column":null}},"2":{"start":{"line":14,"column":2},"end":{"line":25,"column":null}},"3":{"start":{"line":15,"column":4},"end":{"line":23,"column":null}},"4":{"start":{"line":15,"column":27},"end":{"line":23,"column":9}},"5":{"start":{"line":16,"column":70},"end":{"line":23,"column":9}}},"fnMap":{"0":{"name":"(anonymous_0)","decl":{"start":{"line":9,"column":13},"end":{"line":9,"column":null}},"loc":{"start":{"line":11,"column":28},"end":{"line":25,"column":null}},"line":11},"1":{"name":"(anonymous_1)","decl":{"start":{"line":14,"column":18},"end":{"line":14,"column":27}},"loc":{"start":{"line":15,"column":4},"end":{"line":23,"column":null}},"line":15},"2":{"name":"(anonymous_2)","decl":{"start":{"line":15,"column":18},"end":{"line":15,"column":27}},"loc":{"start":{"line":15,"column":27},"end":{"line":23,"column":9}},"line":15},"3":{"name":"(anonymous_3)","decl":{"start":{"line":16,"column":33},"end":{"line":16,"column":38}},"loc":{"start":{"line":16,"column":70},"end":{"line":23,"column":9}},"line":16}},"branchMap":{"0":{"loc":{"start":{"line":16,"column":7},"end":{"line":16,"column":31}},"type":"binary-expr","locations":[{"start":{"line":16,"column":7},"end":{"line":16,"column":29}},{"start":{"line":16,"column":29},"end":{"line":16,"column":31}}],"line":16}},"s":{"0":0,"1":0,"2":0,"3":0,"4":0,"5":0},"f":{"0":0,"1":0,"2":0,"3":0},"b":{"0":[0,0]},"meta":{"lastBranch":1,"lastFunction":4,"lastStatement":6,"seen":{"s:9:13:25:Infinity":0,"f:9:13:9:Infinity":0,"s:12:30:12:Infinity":1,"s:14:2:25:Infinity":2,"f:14:18:14:27":1,"s:15:4:23:Infinity":3,"f:15:18:15:27":2,"s:15:27:23:9":4,"b:16:7:16:29:16:29:16:31":0,"f:16:33:16:38":3,"s:16:70:23:9":5}}}
,"/Users/nicktoye/Dev/frontend-refresh-tool/src/utils/getMockQuestionTopics.ts": {"path":"/Users/nicktoye/Dev/frontend-refresh-tool/src/utils/getMockQuestionTopics.ts","statementMap":{"0":{"start":{"line":6,"column":13},"end":{"line":28,"column":null}},"1":{"start":{"line":11,"column":2},"end":{"line":28,"column":null}},"2":{"start":{"line":13,"column":6},"end":{"line":25,"column":null}},"3":{"start":{"line":14,"column":14},"end":{"line":14,"column":66}},"4":{"start":{"line":15,"column":28},"end":{"line":15,"column":51}},"5":{"start":{"line":16,"column":26},"end":{"line":16,"column":53}},"6":{"start":{"line":17,"column":8},"end":{"line":24,"column":null}},"7":{"start":{"line":27,"column":23},"end":{"line":27,"column":60}},"8":{"start":{"line":28,"column":20},"end":{"line":28,"column":44}}},"fnMap":{"0":{"name":"(anonymous_0)","decl":{"start":{"line":6,"column":13},"end":{"line":6,"column":null}},"loc":{"start":{"line":10,"column":5},"end":{"line":28,"column":null}},"line":10},"1":{"name":"(anonymous_1)","decl":{"start":{"line":12,"column":5},"end":{"line":12,"column":14}},"loc":{"start":{"line":13,"column":6},"end":{"line":25,"column":null}},"line":13},"2":{"name":"(anonymous_2)","decl":{"start":{"line":13,"column":20},"end":{"line":13,"column":25}},"loc":{"start":{"line":13,"column":34},"end":{"line":25,"column":null}},"line":13},"3":{"name":"(anonymous_3)","decl":{"start":{"line":27,"column":5},"end":{"line":27,"column":13}},"loc":{"start":{"line":27,"column":23},"end":{"line":27,"column":60}},"line":27},"4":{"name":"(anonymous_4)","decl":{"start":{"line":28,"column":5},"end":{"line":28,"column":11}},"loc":{"start":{"line":28,"column":20},"end":{"line":28,"column":44}},"line":28}},"branchMap":{"0":{"loc":{"start":{"line":23,"column":20},"end":{"line":23,"column":null}},"type":"cond-expr","locations":[{"start":{"line":23,"column":47},"end":{"line":23,"column":51}},{"start":{"line":23,"column":51},"end":{"line":23,"column":null}}],"line":23},"1":{"loc":{"start":{"line":23,"column":20},"end":{"line":23,"column":47}},"type":"binary-expr","locations":[{"start":{"line":23,"column":20},"end":{"line":23,"column":35}},{"start":{"line":23,"column":35},"end":{"line":23,"column":47}}],"line":23},"2":{"loc":{"start":{"line":23,"column":51},"end":{"line":23,"column":null}},"type":"cond-expr","locations":[{"start":{"line":23,"column":65},"end":{"line":23,"column":69}},{"start":{"line":23,"column":69},"end":{"line":23,"column":null}}],"line":23},"3":{"loc":{"start":{"line":27,"column":23},"end":{"line":27,"column":60}},"type":"binary-expr","locations":[{"start":{"line":27,"column":23},"end":{"line":27,"column":44}},{"start":{"line":27,"column":44},"end":{"line":27,"column":60}}],"line":27}},"s":{"0":0,"1":0,"2":0,"3":0,"4":0,"5":0,"6":0,"7":0,"8":0},"f":{"0":0,"1":0,"2":0,"3":0,"4":0},"b":{"0":[0,0],"1":[0,0],"2":[0,0],"3":[0,0]},"meta":{"lastBranch":4,"lastFunction":5,"lastStatement":9,"seen":{"s:6:13:28:Infinity":0,"f:6:13:6:Infinity":0,"s:11:2:28:Infinity":1,"f:12:5:12:14":1,"s:13:6:25:Infinity":2,"f:13:20:13:25":2,"s:14:14:14:66":3,"s:15:28:15:51":4,"s:16:26:16:53":5,"s:17:8:24:Infinity":6,"b:23:47:23:51:23:51:23:Infinity":0,"b:23:20:23:35:23:35:23:47":1,"b:23:65:23:69:23:69:23:Infinity":2,"f:27:5:27:13":3,"s:27:23:27:60":7,"b:27:23:27:44:27:44:27:60":3,"f:28:5:28:11":4,"s:28:20:28:44":8}}}
,"/Users/nicktoye/Dev/frontend-refresh-tool/src/utils/getMockSessionQuestions.fixtures.ts": {"path":"/Users/nicktoye/Dev/frontend-refresh-tool/src/utils/getMockSessionQuestions.fixtures.ts","statementMap":{"0":{"start":{"line":1,"column":31},"end":{"line":48,"column":null}}},"fnMap":{},"branchMap":{},"s":{"0":1},"f":{},"b":{},"meta":{"lastBranch":0,"lastFunction":0,"lastStatement":1,"seen":{"s:1:31:48:Infinity":0}}}
,"/Users/nicktoye/Dev/frontend-refresh-tool/src/utils/getMockSessionQuestions.ts": {"path":"/Users/nicktoye/Dev/frontend-refresh-tool/src/utils/getMockSessionQuestions.ts","statementMap":{"0":{"start":{"line":8,"column":13},"end":{"line":31,"column":null}},"1":{"start":{"line":12,"column":30},"end":{"line":12,"column":null}},"2":{"start":{"line":14,"column":2},"end":{"line":31,"column":null}},"3":{"start":{"line":15,"column":4},"end":{"line":30,"column":null}},"4":{"start":{"line":16,"column":12},"end":{"line":16,"column":69}},"5":{"start":{"line":18,"column":6},"end":{"line":19,"column":null}},"6":{"start":{"line":19,"column":8},"end":{"line":19,"column":null}},"7":{"start":{"line":22,"column":6},"end":{"line":29,"column":null}},"8":{"start":{"line":22,"column":63},"end":{"line":29,"column":9}}},"fnMap":{"0":{"name":"(anonymous_0)","decl":{"start":{"line":8,"column":13},"end":{"line":8,"column":null}},"loc":{"start":{"line":11,"column":28},"end":{"line":31,"column":null}},"line":11},"1":{"name":"(anonymous_1)","decl":{"start":{"line":14,"column":18},"end":{"line":14,"column":27}},"loc":{"start":{"line":15,"column":4},"end":{"line":30,"column":null}},"line":15},"2":{"name":"(anonymous_2)","decl":{"start":{"line":15,"column":18},"end":{"line":15,"column":27}},"loc":{"start":{"line":15,"column":36},"end":{"line":30,"column":null}},"line":15},"3":{"name":"(anonymous_3)","decl":{"start":{"line":22,"column":40},"end":{"line":22,"column":45}},"loc":{"start":{"line":22,"column":63},"end":{"line":29,"column":9}},"line":22}},"branchMap":{"0":{"loc":{"start":{"line":18,"column":6},"end":{"line":19,"column":null}},"type":"if","locations":[{"start":{"line":18,"column":6},"end":{"line":19,"column":null}},{"start":{},"end":{}}],"line":18},"1":{"loc":{"start":{"line":22,"column":14},"end":{"line":22,"column":38}},"type":"binary-expr","locations":[{"start":{"line":22,"column":14},"end":{"line":22,"column":36}},{"start":{"line":22,"column":36},"end":{"line":22,"column":38}}],"line":22}},"s":{"0":1,"1":4,"2":4,"3":8,"4":12,"5":12,"6":9,"7":3,"8":4},"f":{"0":4,"1":8,"2":12,"3":4},"b":{"0":[9,3],"1":[3,1]},"meta":{"lastBranch":2,"lastFunction":4,"lastStatement":9,"seen":{"s:8:13:31:Infinity":0,"f:8:13:8:Infinity":0,"s:12:30:12:Infinity":1,"s:14:2:31:Infinity":2,"f:14:18:14:27":1,"s:15:4:30:Infinity":3,"f:15:18:15:27":2,"s:16:12:16:69":4,"b:18:6:19:Infinity:undefined:undefined:undefined:undefined":0,"s:18:6:19:Infinity":5,"s:19:8:19:Infinity":6,"s:22:6:29:Infinity":7,"b:22:14:22:36:22:36:22:38":1,"f:22:40:22:45":3,"s:22:63:29:9":8}}}
,"/Users/nicktoye/Dev/frontend-refresh-tool/src/utils/getSubjectScore.ts": {"path":"/Users/nicktoye/Dev/frontend-refresh-tool/src/utils/getSubjectScore.ts","statementMap":{"0":{"start":{"line":3,"column":13},"end":{"line":17,"column":null}},"1":{"start":{"line":4,"column":8},"end":{"line":4,"column":37}},"2":{"start":{"line":5,"column":18},"end":{"line":5,"column":null}},"3":{"start":{"line":7,"column":2},"end":{"line":7,"column":null}},"4":{"start":{"line":7,"column":16},"end":{"line":7,"column":null}},"5":{"start":{"line":9,"column":17},"end":{"line":11,"column":66}},"6":{"start":{"line":10,"column":22},"end":{"line":10,"column":45}},"7":{"start":{"line":11,"column":40},"end":{"line":11,"column":66}},"8":{"start":{"line":13,"column":2},"end":{"line":13,"column":null}},"9":{"start":{"line":13,"column":27},"end":{"line":13,"column":null}},"10":{"start":{"line":15,"column":2},"end":{"line":17,"column":null}},"11":{"start":{"line":16,"column":34},"end":{"line":16,"column":47}}},"fnMap":{"0":{"name":"(anonymous_0)","decl":{"start":{"line":3,"column":13},"end":{"line":3,"column":32}},"loc":{"start":{"line":3,"column":55},"end":{"line":17,"column":null}},"line":3},"1":{"name":"(anonymous_1)","decl":{"start":{"line":10,"column":5},"end":{"line":10,"column":10}},"loc":{"start":{"line":10,"column":22},"end":{"line":10,"column":45}},"line":10},"2":{"name":"(anonymous_2)","decl":{"start":{"line":11,"column":5},"end":{"line":11,"column":13}},"loc":{"start":{"line":11,"column":40},"end":{"line":11,"column":66}},"line":11},"3":{"name":"(anonymous_3)","decl":{"start":{"line":16,"column":11},"end":{"line":16,"column":19}},"loc":{"start":{"line":16,"column":34},"end":{"line":16,"column":47}},"line":16}},"branchMap":{"0":{"loc":{"start":{"line":7,"column":2},"end":{"line":7,"column":null}},"type":"if","locations":[{"start":{"line":7,"column":2},"end":{"line":7,"column":null}},{"start":{},"end":{}}],"line":7},"1":{"loc":{"start":{"line":13,"column":2},"end":{"line":13,"column":null}},"type":"if","locations":[{"start":{"line":13,"column":2},"end":{"line":13,"column":null}},{"start":{},"end":{}}],"line":13}},"s":{"0":0,"1":0,"2":0,"3":0,"4":0,"5":0,"6":0,"7":0,"8":0,"9":0,"10":0,"11":0},"f":{"0":0,"1":0,"2":0,"3":0},"b":{"0":[0,0],"1":[0,0]},"meta":{"lastBranch":2,"lastFunction":4,"lastStatement":12,"seen":{"s:3:13:17:Infinity":0,"f:3:13:3:32":0,"s:4:8:4:37":1,"s:5:18:5:Infinity":2,"b:7:2:7:Infinity:undefined:undefined:undefined:undefined":0,"s:7:2:7:Infinity":3,"s:7:16:7:Infinity":4,"s:9:17:11:66":5,"f:10:5:10:10":1,"s:10:22:10:45":6,"f:11:5:11:13":2,"s:11:40:11:66":7,"b:13:2:13:Infinity:undefined:undefined:undefined:undefined":1,"s:13:2:13:Infinity":8,"s:13:27:13:Infinity":9,"s:15:2:17:Infinity":10,"f:16:11:16:19":3,"s:16:34:16:47":11}}}
,"/Users/nicktoye/Dev/frontend-refresh-tool/src/utils/progressStorage.ts": {"path":"/Users/nicktoye/Dev/frontend-refresh-tool/src/utils/progressStorage.ts","statementMap":{"0":{"start":{"line":4,"column":13},"end":{"line":5,"column":null}},"1":{"start":{"line":5,"column":2},"end":{"line":5,"column":null}},"2":{"start":{"line":8,"column":13},"end":{"line":9,"column":null}},"3":{"start":{"line":9,"column":2},"end":{"line":9,"column":null}}},"fnMap":{"0":{"name":"(anonymous_0)","decl":{"start":{"line":4,"column":13},"end":{"line":4,"column":55}},"loc":{"start":{"line":4,"column":55},"end":{"line":5,"column":null}},"line":4},"1":{"name":"(anonymous_1)","decl":{"start":{"line":8,"column":13},"end":{"line":8,"column":34}},"loc":{"start":{"line":8,"column":64},"end":{"line":9,"column":null}},"line":8}},"branchMap":{"0":{"loc":{"start":{"line":5,"column":20},"end":{"line":5,"column":62}},"type":"binary-expr","locations":[{"start":{"line":5,"column":20},"end":{"line":5,"column":53}},{"start":{"line":5,"column":57},"end":{"line":5,"column":62}}],"line":5}},"s":{"0":0,"1":0,"2":0,"3":0},"f":{"0":0,"1":0},"b":{"0":[0,0]},"meta":{"lastBranch":1,"lastFunction":2,"lastStatement":4,"seen":{"s:4:13:5:Infinity":0,"f:4:13:4:55":0,"s:5:2:5:Infinity":1,"b:5:20:5:53:5:57:5:62":0,"s:8:13:9:Infinity":2,"f:8:13:8:34":1,"s:9:2:9:Infinity":3}}}
,"/Users/nicktoye/Dev/frontend-refresh-tool/src/utils/topicKeys.ts": {"path":"/Users/nicktoye/Dev/frontend-refresh-tool/src/utils/topicKeys.ts","statementMap":{"0":{"start":{"line":6,"column":2},"end":{"line":6,"column":null}}},"fnMap":{"0":{"name":"getTopicKey","decl":{"start":{"line":1,"column":16},"end":{"line":1,"column":null}},"loc":{"start":{"line":5,"column":2},"end":{"line":6,"column":null}},"line":5}},"branchMap":{},"s":{"0":15},"f":{"0":15},"b":{},"meta":{"lastBranch":0,"lastFunction":1,"lastStatement":1,"seen":{"f:1:16:1:Infinity":0,"s:6:2:6:Infinity":0}}}
}
